Log file open, 04/03/19 13:20:49
LogWindows: Failed to load 'aqProf.dll' (GetLastError=126)
LogWindows: File 'aqProf.dll' does not exist
LogWindows: Failed to load 'VtuneApi.dll' (GetLastError=126)
LogWindows: File 'VtuneApi.dll' does not exist
LogWindows: Failed to load 'VtuneApi32e.dll' (GetLastError=126)
LogWindows: File 'VtuneApi32e.dll' does not exist
LogConsoleResponse: Display: Failed to find resolution value strings in scalability ini. Falling back to default.
LogInit: Display: Running engine for game: MyProject2
LogPakFile: Registered encryption key '00000000000000000000000000000000': 0 pak files mounted, 0 remain pending
LogPlatformFile: Not using cached read wrapper
LogTaskGraph: Started task graph with 5 named threads and 23 total threads with 3 sets of task threads.
LogStats: Stats thread started at 0.262147
LogD3D11RHI: Loaded GFSDK_Aftermath_Lib.x64.dll
LogWindows: Failed to load '../../../Engine/Binaries/ThirdParty/libsndfile/Win64/libsndfile-1.dll' (GetLastError=126)
LogWindows: File '../../../Engine/Binaries/ThirdParty/libsndfile/Win64/libsndfile-1.dll' does not exist
LogAudioMixer: Display: Failed to load Sound File dll
LogAudioEditor: Display: LibSoundFile failed to load. Importing audio will not work correctly.
LogICUInternationalization: ICU TimeZone Detection - Raw Offset: +1:00, Platform Override: ''
LogPluginManager: Mounting plugin Paper2D
LogPluginManager: Mounting plugin AISupport
LogPluginManager: Mounting plugin LightPropagationVolume
LogPluginManager: Mounting plugin ActorLayerUtilities
LogPluginManager: Mounting plugin AnimationSharing
LogPluginManager: Mounting plugin CLionSourceCodeAccess
LogPluginManager: Mounting plugin CodeLiteSourceCodeAccess
LogPluginManager: Mounting plugin ConcertFrontend
LogPluginManager: Mounting plugin ConcertMain
LogPluginManager: Mounting plugin ConcertSyncClient
LogPluginManager: Mounting plugin ConcertSyncCore
LogPluginManager: Found config from plugin[ConcertSyncCore] D:/Test4.22/MyProject2/Saved/Config/Windows/Engine.ini
LogPluginManager: Mounting plugin GitSourceControl
LogPluginManager: Mounting plugin KDevelopSourceCodeAccess
LogPluginManager: Mounting plugin NullSourceCodeAccess
LogPluginManager: Mounting plugin PerforceSourceControl
LogPluginManager: Mounting plugin SubversionSourceControl
LogPluginManager: Mounting plugin UObjectPlugin
LogPluginManager: Mounting plugin VisualStudioCodeSourceCodeAccess
LogPluginManager: Mounting plugin VisualStudioSourceCodeAccess
LogPluginManager: Mounting plugin XCodeSourceCodeAccess
LogPluginManager: Mounting plugin AssetManagerEditor
LogPluginManager: Mounting plugin CryptoKeys
LogPluginManager: Mounting plugin DataValidation
LogPluginManager: Mounting plugin FacialAnimation
LogPluginManager: Mounting plugin GameplayTagsEditor
LogPluginManager: Mounting plugin MacGraphicsSwitching
LogPluginManager: Mounting plugin MaterialAnalyzer
LogPluginManager: Mounting plugin MobileLauncherProfileWizard
LogPluginManager: Mounting plugin PluginBrowser
LogPluginManager: Mounting plugin SpeedTreeImporter
LogPluginManager: Mounting plugin DatasmithContent
LogPluginManager: Mounting plugin VariantManagerContent
LogPluginManager: Mounting plugin AlembicImporter
LogPluginManager: Mounting plugin AppleImageUtils
LogPluginManager: Mounting plugin AppleVision
LogPluginManager: Mounting plugin BackChannel
LogPluginManager: Mounting plugin CharacterAI
LogPluginManager: Mounting plugin GeometryCache
LogPluginManager: Mounting plugin HTML5Networking
LogPluginManager: Mounting plugin ProxyLODPlugin
LogPluginManager: Mounting plugin SkeletalReduction
LogPluginManager: Mounting plugin MagicLeap
LogPluginManager: Mounting plugin MagicLeapMedia
LogPluginManager: Mounting plugin AndroidMedia
LogPluginManager: Mounting plugin AvfMedia
LogPluginManager: Mounting plugin ImgMedia
LogPluginManager: Mounting plugin LinearTimecode
LogPluginManager: Mounting plugin MediaCompositing
LogPluginManager: Mounting plugin MediaPlayerEditor
LogPluginManager: Mounting plugin WebMMedia
LogPluginManager: Mounting plugin WmfMedia
LogPluginManager: Mounting plugin TcpMessaging
LogPluginManager: Mounting plugin UdpMessaging
LogPluginManager: Mounting plugin ActorSequence
LogPluginManager: Mounting plugin LevelSequenceEditor
LogPluginManager: Mounting plugin MatineeToLevelSequence
LogPluginManager: Mounting plugin NetcodeUnitTest
LogPluginManager: Mounting plugin NUTUnrealEngine4
LogPluginManager: Mounting plugin OnlineSubsystemGooglePlay
LogPluginManager: Mounting plugin OnlineSubsystemIOS
LogPluginManager: Mounting plugin OnlineSubsystem
LogPluginManager: Mounting plugin OnlineSubsystemNull
LogPluginManager: Mounting plugin OnlineSubsystemUtils
LogPluginManager: Mounting plugin LauncherChunkInstaller
LogPluginManager: Mounting plugin AndroidDeviceProfileSelector
LogPluginManager: Mounting plugin AndroidMoviePlayer
LogPluginManager: Mounting plugin AndroidPermission
LogPluginManager: Mounting plugin AppleMoviePlayer
LogPluginManager: Mounting plugin ArchVisCharacter
LogPluginManager: Mounting plugin AudioCapture
LogPluginManager: Mounting plugin CableComponent
LogPluginManager: Mounting plugin CustomMeshComponent
LogPluginManager: Mounting plugin EditableMesh
LogPluginManager: Mounting plugin ExampleDeviceProfileSelector
LogPluginManager: Mounting plugin Firebase
LogPluginManager: Mounting plugin GoogleCloudMessaging
LogPluginManager: Mounting plugin IOSDeviceProfileSelector
LogPluginManager: Mounting plugin LinuxDeviceProfileSelector
LogPluginManager: Mounting plugin LocationServicesBPLibrary
LogPluginManager: Mounting plugin MobilePatchingUtils
LogPluginManager: Mounting plugin OculusVR
LogPluginManager: Mounting plugin PhysXVehicles
LogPluginManager: Mounting plugin ProceduralMeshComponent
LogPluginManager: Mounting plugin RuntimePhysXCooking
LogPluginManager: Mounting plugin SignificanceManager
LogPluginManager: Mounting plugin SteamVR
LogPluginManager: Mounting plugin WebMMoviePlayer
LogPluginManager: Mounting plugin WindowsMoviePlayer
LogInit: Using libcurl 7.55.1-DEV
LogInit:  - built for x86_64-pc-win32
LogInit:  - supports SSL with OpenSSL/1.1.1
LogInit:  - supports HTTP deflate (compression) using libz 1.2.8
LogInit:  - other features:
LogInit:      CURL_VERSION_SSL
LogInit:      CURL_VERSION_LIBZ
LogInit:      CURL_VERSION_IPV6
LogInit:      CURL_VERSION_ASYNCHDNS
LogInit:      CURL_VERSION_LARGEFILE
LogInit:      CURL_VERSION_IDN
LogInit:  CurlRequestOptions (configurable via config and command line):
LogInit:  - bVerifyPeer = true  - Libcurl will verify peer certificate
LogInit:  - bUseHttpProxy = false  - Libcurl will NOT use HTTP proxy
LogInit:  - bDontReuseConnections = false  - Libcurl will reuse connections
LogInit:  - MaxHostConnections = 16  - Libcurl will limit the number of connections to a host
LogInit:  - LocalHostAddr = Default
LogInit:  - BufferSize = 65536
LogInit: WinSock: version 1.1 (2.2), MaxSocks=32767, MaxUdp=65467
LogInit: Build: ++UE4+Release-4.22-CL-5660361
LogInit: Engine Version: 4.22.0-5660361+++UE4+Release-4.22
LogInit: Compatible Engine Version: 4.22.0-5660361+++UE4+Release-4.22
LogInit: Net CL: 5660361
LogInit: OS: Windows 10 (Release 1803) (), CPU: Intel(R) Core(TM) i7-7700 CPU @ 3.60GHz, GPU: NVIDIA GeForce GTX 1060 6GB
LogInit: Compiled (64-bit): Mar 31 2019 02:05:09
LogInit: Compiled with Visual C++: 19.16.27025.01
LogInit: Build Configuration: Development
LogInit: Branch Name: ++UE4+Release-4.22
LogInit: Command Line:  -EpicPortal -epicusername=Reidjit -epicuserid=71f21aca187348668708cb239143a83c -epiclocale=fr-FR
LogInit: Base Directory: D:/Epic Games/UE_4.22/Engine/Binaries/Win64/
LogInit: Installed Engine Build: 1
LogDevObjectVersion: Number of dev versions registered: 23
LogDevObjectVersion:   Dev-Blueprints (B0D832E4-1F89-4F0D-ACCF-7EB736FD4AA2): 10
LogDevObjectVersion:   Dev-Build (E1C64328-A22C-4D53-A36C-8E866417BD8C): 0
LogDevObjectVersion:   Dev-Core (375EC13C-06E4-48FB-B500-84F0262A717E): 3
LogDevObjectVersion:   Dev-Editor (E4B068ED-F494-42E9-A231-DA0B2E46BB41): 30
LogDevObjectVersion:   Dev-Framework (CFFC743F-43B0-4480-9391-14DF171D2073): 35
LogDevObjectVersion:   Dev-Mobile (B02B49B5-BB20-44E9-A304-32B752E40360): 2
LogDevObjectVersion:   Dev-Networking (A4E4105C-59A1-49B5-A7C5-40C4547EDFEE): 0
LogDevObjectVersion:   Dev-Online (39C831C9-5AE6-47DC-9A44-9C173E1C8E7C): 0
LogDevObjectVersion:   Dev-Physics (78F01B33-EBEA-4F98-B9B4-84EACCB95AA2): 0
LogDevObjectVersion:   Dev-Platform (6631380F-2D4D-43E0-8009-CF276956A95A): 0
LogDevObjectVersion:   Dev-Rendering (12F88B9F-8875-4AFC-A67C-D90C383ABD29): 28
LogDevObjectVersion:   Dev-Sequencer (7B5AE74C-D270-4C10-A958-57980B212A5A): 11
LogDevObjectVersion:   Dev-VR (D7296918-1DD6-4BDD-9DE2-64A83CC13884): 2
LogDevObjectVersion:   Dev-LoadTimes (C2A15278-BFE7-4AFE-6C17-90FF531DF755): 1
LogDevObjectVersion:   Private-Geometry (6EACA3D4-40EC-4CC1-B786-8BED09428FC5): 3
LogDevObjectVersion:   Dev-AnimPhys (29E575DD-E0A3-4627-9D10-D276232CDCEA): 17
LogDevObjectVersion:   Dev-Anim (AF43A65D-7FD3-4947-9873-3E8ED9C1BB05): 2
LogDevObjectVersion:   Dev-ReflectionCapture (6B266CEC-1EC7-4B8F-A30B-E4D90942FC07): 1
LogDevObjectVersion:   Dev-Automation (0DF73D61-A23F-47EA-B727-89E90C41499A): 1
LogDevObjectVersion:   FortniteMain (601D1886-AC64-4F84-AA16-D3DE0DEAC7D6): 25
LogDevObjectVersion:   Dev-Enterprise (9DFFBCD6-494F-0158-E221-12823C92A888): 6
LogDevObjectVersion:   Dev-Niagara (F2AED0AC-9AFE-416F-8664-AA7FFA26D6FC): 1
LogDevObjectVersion:   Dev-Destruction (174F1F0B-B4C6-45A5-B13F-2EE8D0FB917D): 2
LogInit: Presizing for max 16777216 objects, including 0 objects not considered by GC, pre-allocating 0 bytes for permanent pool.
LogInit: Object subsystem initialized
LogConfig: Setting CVar [[con.DebugEarlyDefault:1]]
LogConfig: Setting CVar [[r.setres:1280x720]]
[2019.04.03-11.20.49:384][  0]LogConfig: Setting CVar [[r.VSync:0]]
[2019.04.03-11.20.49:384][  0]LogConfig: Setting CVar [[r.RHICmdBypass:0]]
[2019.04.03-11.20.49:384][  0]LogConfig: Applying CVar settings from Section [/Script/Engine.RendererSettings] File [D:/Test4.22/MyProject2/Saved/Config/Windows/Engine.ini]
[2019.04.03-11.20.49:384][  0]LogConfig: Setting CVar [[r.GPUCrashDebugging:0]]
[2019.04.03-11.20.49:384][  0]LogConfig: Applying CVar settings from Section [/Script/Engine.RendererOverrideSettings] File [D:/Test4.22/MyProject2/Saved/Config/Windows/Engine.ini]
[2019.04.03-11.20.49:384][  0]LogConfig: Applying CVar settings from Section [/Script/Engine.StreamingSettings] File [D:/Test4.22/MyProject2/Saved/Config/Windows/Engine.ini]
[2019.04.03-11.20.49:384][  0]LogConfig: Setting CVar [[s.MinBulkDataSizeForAsyncLoading:131072]]
[2019.04.03-11.20.49:384][  0]LogConfig: Setting CVar [[s.AsyncLoadingThreadEnabled:0]]
[2019.04.03-11.20.49:384][  0]LogConfig: Setting CVar [[s.EventDrivenLoaderEnabled:1]]
[2019.04.03-11.20.49:384][  0]LogConfig: Setting CVar [[s.WarnIfTimeLimitExceeded:0]]
[2019.04.03-11.20.49:384][  0]LogConfig: Setting CVar [[s.TimeLimitExceededMultiplier:1.5]]
[2019.04.03-11.20.49:384][  0]LogConfig: Setting CVar [[s.TimeLimitExceededMinTime:0.005]]
[2019.04.03-11.20.49:384][  0]LogConfig: Setting CVar [[s.UseBackgroundLevelStreaming:1]]
[2019.04.03-11.20.49:384][  0]LogConfig: Setting CVar [[s.PriorityAsyncLoadingExtraTime:15.0]]
[2019.04.03-11.20.49:384][  0]LogConfig: Setting CVar [[s.LevelStreamingActorsUpdateTimeLimit:5.0]]
[2019.04.03-11.20.49:384][  0]LogConfig: Setting CVar [[s.PriorityLevelStreamingActorsUpdateExtraTime:5.0]]
[2019.04.03-11.20.49:385][  0]LogConfig: Setting CVar [[s.LevelStreamingComponentsRegistrationGranularity:10]]
[2019.04.03-11.20.49:385][  0]LogConfig: Setting CVar [[s.UnregisterComponentsTimeLimit:1.0]]
[2019.04.03-11.20.49:385][  0]LogConfig: Setting CVar [[s.LevelStreamingComponentsUnregistrationGranularity:5]]
[2019.04.03-11.20.49:385][  0]LogConfig: Applying CVar settings from Section [/Script/Engine.GarbageCollectionSettings] File [D:/Test4.22/MyProject2/Saved/Config/Windows/Engine.ini]
[2019.04.03-11.20.49:385][  0]LogConfig: Setting CVar [[gc.MaxObjectsNotConsideredByGC:1]]
[2019.04.03-11.20.49:385][  0]LogConfig: Setting CVar [[gc.SizeOfPermanentObjectPool:0]]
[2019.04.03-11.20.49:385][  0]LogConfig: Setting CVar [[gc.FlushStreamingOnGC:0]]
[2019.04.03-11.20.49:385][  0]LogConfig: Setting CVar [[gc.NumRetriesBeforeForcingGC:10]]
[2019.04.03-11.20.49:385][  0]LogConfig: Setting CVar [[gc.AllowParallelGC:1]]
[2019.04.03-11.20.49:385][  0]LogConfig: Setting CVar [[gc.TimeBetweenPurgingPendingKillObjects:61.1]]
[2019.04.03-11.20.49:385][  0]LogConfig: Setting CVar [[gc.MaxObjectsInEditor:16777216]]
[2019.04.03-11.20.49:385][  0]LogConfig: Setting CVar [[gc.IncrementalBeginDestroyEnabled:1]]
[2019.04.03-11.20.49:385][  0]LogConfig: Setting CVar [[gc.CreateGCClusters:1]]
[2019.04.03-11.20.49:385][  0]LogConfig: Setting CVar [[gc.MinGCClusterSize:5]]
[2019.04.03-11.20.49:385][  0]LogConfig: Setting CVar [[gc.ActorClusteringEnabled:0]]
[2019.04.03-11.20.49:385][  0]LogConfig: Setting CVar [[gc.BlueprintClusteringEnabled:0]]
[2019.04.03-11.20.49:385][  0]LogConfig: Setting CVar [[gc.UseDisregardForGCOnDedicatedServers:0]]
[2019.04.03-11.20.49:385][  0]LogConfig: Applying CVar settings from Section [/Script/Engine.NetworkSettings] File [D:/Test4.22/MyProject2/Saved/Config/Windows/Engine.ini]
[2019.04.03-11.20.49:385][  0]LogConfig: Applying CVar settings from Section [/Script/UnrealEd.CookerSettings] File [D:/Test4.22/MyProject2/Saved/Config/Windows/Engine.ini]
[2019.04.03-11.20.49:390][  0]LogConfig: Applying CVar settings from Section [ViewDistanceQuality@3] File [D:/Test4.22/MyProject2/Saved/Config/Windows/Scalability.ini]
[2019.04.03-11.20.49:390][  0]LogConfig: Setting CVar [[r.SkeletalMeshLODBias:0]]
[2019.04.03-11.20.49:390][  0]LogConfig: Setting CVar [[r.ViewDistanceScale:1.0]]
[2019.04.03-11.20.49:390][  0]LogConfig: Applying CVar settings from Section [AntiAliasingQuality@3] File [D:/Test4.22/MyProject2/Saved/Config/Windows/Scalability.ini]
[2019.04.03-11.20.49:390][  0]LogConfig: Setting CVar [[r.PostProcessAAQuality:4]]
[2019.04.03-11.20.49:390][  0]LogConfig: Applying CVar settings from Section [ShadowQuality@3] File [D:/Test4.22/MyProject2/Saved/Config/Windows/Scalability.ini]
[2019.04.03-11.20.49:390][  0]LogConfig: Setting CVar [[r.LightFunctionQuality:1]]
[2019.04.03-11.20.49:390][  0]LogConfig: Setting CVar [[r.ShadowQuality:5]]
[2019.04.03-11.20.49:390][  0]LogConfig: Setting CVar [[r.Shadow.CSM.MaxCascades:10]]
[2019.04.03-11.20.49:390][  0]LogConfig: Setting CVar [[r.Shadow.MaxResolution:2048]]
[2019.04.03-11.20.49:390][  0]LogConfig: Setting CVar [[r.Shadow.MaxCSMResolution:2048]]
[2019.04.03-11.20.49:390][  0]LogConfig: Setting CVar [[r.Shadow.RadiusThreshold:0.01]]
[2019.04.03-11.20.49:390][  0]LogConfig: Setting CVar [[r.Shadow.DistanceScale:1.0]]
[2019.04.03-11.20.49:390][  0]LogConfig: Setting CVar [[r.Shadow.CSM.TransitionScale:1.0]]
[2019.04.03-11.20.49:390][  0]LogConfig: Setting CVar [[r.Shadow.PreShadowResolutionFactor:1.0]]
[2019.04.03-11.20.49:390][  0]LogConfig: Setting CVar [[r.DistanceFieldShadowing:1]]
[2019.04.03-11.20.49:390][  0]LogConfig: Setting CVar [[r.DistanceFieldAO:1]]
[2019.04.03-11.20.49:390][  0]LogConfig: Setting CVar [[r.AOQuality:2]]
[2019.04.03-11.20.49:390][  0]LogConfig: Setting CVar [[r.VolumetricFog:1]]
[2019.04.03-11.20.49:390][  0]LogConfig: Setting CVar [[r.VolumetricFog.GridPixelSize:8]]
[2019.04.03-11.20.49:390][  0]LogConfig: Setting CVar [[r.VolumetricFog.GridSizeZ:128]]
[2019.04.03-11.20.49:390][  0]LogConfig: Setting CVar [[r.VolumetricFog.HistoryMissSupersampleCount:4]]
[2019.04.03-11.20.49:390][  0]LogConfig: Setting CVar [[r.LightMaxDrawDistanceScale:1]]
[2019.04.03-11.20.49:390][  0]LogConfig: Setting CVar [[r.CapsuleShadows:1]]
[2019.04.03-11.20.49:390][  0]LogConfig: Applying CVar settings from Section [PostProcessQuality@3] File [D:/Test4.22/MyProject2/Saved/Config/Windows/Scalability.ini]
[2019.04.03-11.20.49:390][  0]LogConfig: Setting CVar [[r.MotionBlurQuality:4]]
[2019.04.03-11.20.49:390][  0]LogConfig: Setting CVar [[r.AmbientOcclusionMipLevelFactor:0.4]]
[2019.04.03-11.20.49:390][  0]LogConfig: Setting CVar [[r.AmbientOcclusionMaxQuality:100]]
[2019.04.03-11.20.49:390][  0]LogConfig: Setting CVar [[r.AmbientOcclusionLevels:-1]]
[2019.04.03-11.20.49:390][  0]LogConfig: Setting CVar [[r.AmbientOcclusionRadiusScale:1.0]]
[2019.04.03-11.20.49:390][  0]LogConfig: Setting CVar [[r.DepthOfFieldQuality:2]]
[2019.04.03-11.20.49:390][  0]LogConfig: Setting CVar [[r.RenderTargetPoolMin:400]]
[2019.04.03-11.20.49:390][  0]LogConfig: Setting CVar [[r.LensFlareQuality:2]]
[2019.04.03-11.20.49:390][  0]LogConfig: Setting CVar [[r.SceneColorFringeQuality:1]]
[2019.04.03-11.20.49:390][  0]LogConfig: Setting CVar [[r.EyeAdaptationQuality:2]]
[2019.04.03-11.20.49:390][  0]LogConfig: Setting CVar [[r.BloomQuality:5]]
[2019.04.03-11.20.49:390][  0]LogConfig: Setting CVar [[r.FastBlurThreshold:100]]
[2019.04.03-11.20.49:390][  0]LogConfig: Setting CVar [[r.Upscale.Quality:3]]
[2019.04.03-11.20.49:390][  0]LogConfig: Setting CVar [[r.Tonemapper.GrainQuantization:1]]
[2019.04.03-11.20.49:390][  0]LogConfig: Setting CVar [[r.LightShaftQuality:1]]
[2019.04.03-11.20.49:390][  0]LogConfig: Setting CVar [[r.Filter.SizeScale:1]]
[2019.04.03-11.20.49:390][  0]LogConfig: Setting CVar [[r.Tonemapper.Quality:5]]
[2019.04.03-11.20.49:390][  0]LogConfig: Setting CVar [[r.DOF.Gather.AccumulatorQuality:1        ; higher gathering accumulator quality]]
[2019.04.03-11.20.49:390][  0]LogConfig: Setting CVar [[r.DOF.Gather.PostfilterMethod:1          ; Median3x3 postfilering method]]
[2019.04.03-11.20.49:390][  0]LogConfig: Setting CVar [[r.DOF.Gather.EnableBokehSettings:0       ; no bokeh simulation when gathering]]
[2019.04.03-11.20.49:390][  0]LogConfig: Setting CVar [[r.DOF.Gather.RingCount:4                 ; medium number of samples when gathering]]
[2019.04.03-11.20.49:390][  0]LogConfig: Setting CVar [[r.DOF.Scatter.ForegroundCompositing:1    ; additive foreground scattering]]
[2019.04.03-11.20.49:390][  0]LogConfig: Setting CVar [[r.DOF.Scatter.BackgroundCompositing:2    ; additive background scattering]]
[2019.04.03-11.20.49:390][  0]LogConfig: Setting CVar [[r.DOF.Scatter.EnableBokehSettings:1      ; bokeh simulation when scattering]]
[2019.04.03-11.20.49:390][  0]LogConfig: Setting CVar [[r.DOF.Scatter.MaxSpriteRatio:0.1         ; only a maximum of 10% of scattered bokeh]]
[2019.04.03-11.20.49:390][  0]LogConfig: Setting CVar [[r.DOF.Recombine.Quality:1                ; cheap slight out of focus]]
[2019.04.03-11.20.49:390][  0]LogConfig: Setting CVar [[r.DOF.Recombine.EnableBokehSettings:0    ; no bokeh simulation on slight out of focus]]
[2019.04.03-11.20.49:390][  0]LogConfig: Setting CVar [[r.DOF.TemporalAAQuality:1                ; more stable temporal accumulation]]
[2019.04.03-11.20.49:390][  0]LogConfig: Setting CVar [[r.DOF.Kernel.MaxForegroundRadius:0.025]]
[2019.04.03-11.20.49:390][  0]LogConfig: Setting CVar [[r.DOF.Kernel.MaxBackgroundRadius:0.025]]
[2019.04.03-11.20.49:390][  0]LogConfig: Applying CVar settings from Section [TextureQuality@3] File [D:/Test4.22/MyProject2/Saved/Config/Windows/Scalability.ini]
[2019.04.03-11.20.49:390][  0]LogConfig: Setting CVar [[r.Streaming.MipBias:0]]
[2019.04.03-11.20.49:390][  0]LogConfig: Setting CVar [[r.Streaming.AmortizeCPUToGPUCopy:0]]
[2019.04.03-11.20.49:390][  0]LogConfig: Setting CVar [[r.Streaming.MaxNumTexturesToStreamPerFrame:0]]
[2019.04.03-11.20.49:390][  0]LogConfig: Setting CVar [[r.Streaming.Boost:1]]
[2019.04.03-11.20.49:390][  0]LogConfig: Setting CVar [[r.MaxAnisotropy:8]]
[2019.04.03-11.20.49:390][  0]LogConfig: Setting CVar [[r.Streaming.LimitPoolSizeToVRAM:0]]
[2019.04.03-11.20.49:390][  0]LogConfig: Setting CVar [[r.Streaming.PoolSize:1000]]
[2019.04.03-11.20.49:391][  0]LogConfig: Setting CVar [[r.Streaming.MaxEffectiveScreenSize:0]]
[2019.04.03-11.20.49:391][  0]LogConfig: Applying CVar settings from Section [EffectsQuality@3] File [D:/Test4.22/MyProject2/Saved/Config/Windows/Scalability.ini]
[2019.04.03-11.20.49:391][  0]LogConfig: Setting CVar [[r.TranslucencyLightingVolumeDim:64]]
[2019.04.03-11.20.49:391][  0]LogConfig: Setting CVar [[r.RefractionQuality:2]]
[2019.04.03-11.20.49:391][  0]LogConfig: Setting CVar [[r.SSR.Quality:3]]
[2019.04.03-11.20.49:391][  0]LogConfig: Setting CVar [[r.SceneColorFormat:4]]
[2019.04.03-11.20.49:391][  0]LogConfig: Setting CVar [[r.DetailMode:2]]
[2019.04.03-11.20.49:391][  0]LogConfig: Setting CVar [[r.TranslucencyVolumeBlur:1]]
[2019.04.03-11.20.49:391][  0]LogConfig: Setting CVar [[r.MaterialQualityLevel:1 ; High quality]]
[2019.04.03-11.20.49:391][  0]LogConfig: Setting CVar [[r.SSS.Scale:1]]
[2019.04.03-11.20.49:391][  0]LogConfig: Setting CVar [[r.SSS.SampleSet:2]]
[2019.04.03-11.20.49:391][  0]LogConfig: Setting CVar [[r.SSS.Quality:1]]
[2019.04.03-11.20.49:391][  0]LogConfig: Setting CVar [[r.SSS.HalfRes:1]]
[2019.04.03-11.20.49:391][  0]LogConfig: Setting CVar [[r.EmitterSpawnRateScale:1.0]]
[2019.04.03-11.20.49:391][  0]LogConfig: Setting CVar [[r.ParticleLightQuality:2]]
[2019.04.03-11.20.49:391][  0]LogConfig: Applying CVar settings from Section [FoliageQuality@3] File [D:/Test4.22/MyProject2/Saved/Config/Windows/Scalability.ini]
[2019.04.03-11.20.49:391][  0]LogConfig: Setting CVar [[foliage.DensityScale:1.0]]
[2019.04.03-11.20.49:391][  0]LogConfig: Setting CVar [[grass.DensityScale:1.0]]
[2019.04.03-11.20.49:391][  0]LogInit: Selected Device Profile: [Windows]
[2019.04.03-11.20.49:391][  0]LogInit: Applying CVar settings loaded from the selected device profile: [Windows]
[2019.04.03-11.20.49:401][  0]LogHAL: Display: Platform has ~ 32 GB [34254594048 / 34359738368 / 32], which maps to Largest [LargestMinGB=32, LargerMinGB=12, DefaultMinGB=8, SmallerMinGB=6, SmallestMinGB=0)
[2019.04.03-11.20.49:401][  0]LogConfig: Setting CVar [[r.Vulkan.UseRealUBs:0		; Required until we fix HLR fall-out]]
[2019.04.03-11.20.49:401][  0]LogInit: Going up to parent DeviceProfile []
[2019.04.03-11.20.49:401][  0]LogConfig: Applying CVar settings from Section [ViewDistanceQuality@3] File [D:/Test4.22/MyProject2/Saved/Config/Windows/Scalability.ini]
[2019.04.03-11.20.49:401][  0]LogConfig: Setting CVar [[r.SkeletalMeshLODBias:0]]
[2019.04.03-11.20.49:401][  0]LogConfig: Setting CVar [[r.ViewDistanceScale:1.0]]
[2019.04.03-11.20.49:401][  0]LogConfig: Applying CVar settings from Section [AntiAliasingQuality@3] File [D:/Test4.22/MyProject2/Saved/Config/Windows/Scalability.ini]
[2019.04.03-11.20.49:401][  0]LogConfig: Setting CVar [[r.PostProcessAAQuality:4]]
[2019.04.03-11.20.49:401][  0]LogConfig: Applying CVar settings from Section [ShadowQuality@3] File [D:/Test4.22/MyProject2/Saved/Config/Windows/Scalability.ini]
[2019.04.03-11.20.49:401][  0]LogConfig: Setting CVar [[r.LightFunctionQuality:1]]
[2019.04.03-11.20.49:401][  0]LogConfig: Setting CVar [[r.ShadowQuality:5]]
[2019.04.03-11.20.49:401][  0]LogConfig: Setting CVar [[r.Shadow.CSM.MaxCascades:10]]
[2019.04.03-11.20.49:401][  0]LogConfig: Setting CVar [[r.Shadow.MaxResolution:2048]]
[2019.04.03-11.20.49:401][  0]LogConfig: Setting CVar [[r.Shadow.MaxCSMResolution:2048]]
[2019.04.03-11.20.49:401][  0]LogConfig: Setting CVar [[r.Shadow.RadiusThreshold:0.01]]
[2019.04.03-11.20.49:401][  0]LogConfig: Setting CVar [[r.Shadow.DistanceScale:1.0]]
[2019.04.03-11.20.49:401][  0]LogConfig: Setting CVar [[r.Shadow.CSM.TransitionScale:1.0]]
[2019.04.03-11.20.49:401][  0]LogConfig: Setting CVar [[r.Shadow.PreShadowResolutionFactor:1.0]]
[2019.04.03-11.20.49:401][  0]LogConfig: Setting CVar [[r.DistanceFieldShadowing:1]]
[2019.04.03-11.20.49:401][  0]LogConfig: Setting CVar [[r.DistanceFieldAO:1]]
[2019.04.03-11.20.49:401][  0]LogConfig: Setting CVar [[r.AOQuality:2]]
[2019.04.03-11.20.49:401][  0]LogConfig: Setting CVar [[r.VolumetricFog:1]]
[2019.04.03-11.20.49:401][  0]LogConfig: Setting CVar [[r.VolumetricFog.GridPixelSize:8]]
[2019.04.03-11.20.49:401][  0]LogConfig: Setting CVar [[r.VolumetricFog.GridSizeZ:128]]
[2019.04.03-11.20.49:401][  0]LogConfig: Setting CVar [[r.VolumetricFog.HistoryMissSupersampleCount:4]]
[2019.04.03-11.20.49:401][  0]LogConfig: Setting CVar [[r.LightMaxDrawDistanceScale:1]]
[2019.04.03-11.20.49:401][  0]LogConfig: Setting CVar [[r.CapsuleShadows:1]]
[2019.04.03-11.20.49:401][  0]LogConfig: Applying CVar settings from Section [PostProcessQuality@3] File [D:/Test4.22/MyProject2/Saved/Config/Windows/Scalability.ini]
[2019.04.03-11.20.49:401][  0]LogConfig: Setting CVar [[r.MotionBlurQuality:4]]
[2019.04.03-11.20.49:401][  0]LogConfig: Setting CVar [[r.AmbientOcclusionMipLevelFactor:0.4]]
[2019.04.03-11.20.49:401][  0]LogConfig: Setting CVar [[r.AmbientOcclusionMaxQuality:100]]
[2019.04.03-11.20.49:401][  0]LogConfig: Setting CVar [[r.AmbientOcclusionLevels:-1]]
[2019.04.03-11.20.49:401][  0]LogConfig: Setting CVar [[r.AmbientOcclusionRadiusScale:1.0]]
[2019.04.03-11.20.49:401][  0]LogConfig: Setting CVar [[r.DepthOfFieldQuality:2]]
[2019.04.03-11.20.49:401][  0]LogConfig: Setting CVar [[r.RenderTargetPoolMin:400]]
[2019.04.03-11.20.49:401][  0]LogConfig: Setting CVar [[r.LensFlareQuality:2]]
[2019.04.03-11.20.49:401][  0]LogConfig: Setting CVar [[r.SceneColorFringeQuality:1]]
[2019.04.03-11.20.49:401][  0]LogConfig: Setting CVar [[r.EyeAdaptationQuality:2]]
[2019.04.03-11.20.49:401][  0]LogConfig: Setting CVar [[r.BloomQuality:5]]
[2019.04.03-11.20.49:401][  0]LogConfig: Setting CVar [[r.FastBlurThreshold:100]]
[2019.04.03-11.20.49:401][  0]LogConfig: Setting CVar [[r.Upscale.Quality:3]]
[2019.04.03-11.20.49:401][  0]LogConfig: Setting CVar [[r.Tonemapper.GrainQuantization:1]]
[2019.04.03-11.20.49:401][  0]LogConfig: Setting CVar [[r.LightShaftQuality:1]]
[2019.04.03-11.20.49:401][  0]LogConfig: Setting CVar [[r.Filter.SizeScale:1]]
[2019.04.03-11.20.49:401][  0]LogConfig: Setting CVar [[r.Tonemapper.Quality:5]]
[2019.04.03-11.20.49:401][  0]LogConfig: Setting CVar [[r.DOF.Gather.AccumulatorQuality:1        ; higher gathering accumulator quality]]
[2019.04.03-11.20.49:401][  0]LogConfig: Setting CVar [[r.DOF.Gather.PostfilterMethod:1          ; Median3x3 postfilering method]]
[2019.04.03-11.20.49:401][  0]LogConfig: Setting CVar [[r.DOF.Gather.EnableBokehSettings:0       ; no bokeh simulation when gathering]]
[2019.04.03-11.20.49:401][  0]LogConfig: Setting CVar [[r.DOF.Gather.RingCount:4                 ; medium number of samples when gathering]]
[2019.04.03-11.20.49:401][  0]LogConfig: Setting CVar [[r.DOF.Scatter.ForegroundCompositing:1    ; additive foreground scattering]]
[2019.04.03-11.20.49:401][  0]LogConfig: Setting CVar [[r.DOF.Scatter.BackgroundCompositing:2    ; additive background scattering]]
[2019.04.03-11.20.49:401][  0]LogConfig: Setting CVar [[r.DOF.Scatter.EnableBokehSettings:1      ; bokeh simulation when scattering]]
[2019.04.03-11.20.49:401][  0]LogConfig: Setting CVar [[r.DOF.Scatter.MaxSpriteRatio:0.1         ; only a maximum of 10% of scattered bokeh]]
[2019.04.03-11.20.49:402][  0]LogConfig: Setting CVar [[r.DOF.Recombine.Quality:1                ; cheap slight out of focus]]
[2019.04.03-11.20.49:402][  0]LogConfig: Setting CVar [[r.DOF.Recombine.EnableBokehSettings:0    ; no bokeh simulation on slight out of focus]]
[2019.04.03-11.20.49:402][  0]LogConfig: Setting CVar [[r.DOF.TemporalAAQuality:1                ; more stable temporal accumulation]]
[2019.04.03-11.20.49:402][  0]LogConfig: Setting CVar [[r.DOF.Kernel.MaxForegroundRadius:0.025]]
[2019.04.03-11.20.49:402][  0]LogConfig: Setting CVar [[r.DOF.Kernel.MaxBackgroundRadius:0.025]]
[2019.04.03-11.20.49:402][  0]LogConfig: Applying CVar settings from Section [TextureQuality@3] File [D:/Test4.22/MyProject2/Saved/Config/Windows/Scalability.ini]
[2019.04.03-11.20.49:402][  0]LogConfig: Setting CVar [[r.Streaming.MipBias:0]]
[2019.04.03-11.20.49:402][  0]LogConfig: Setting CVar [[r.Streaming.AmortizeCPUToGPUCopy:0]]
[2019.04.03-11.20.49:402][  0]LogConfig: Setting CVar [[r.Streaming.MaxNumTexturesToStreamPerFrame:0]]
[2019.04.03-11.20.49:402][  0]LogConfig: Setting CVar [[r.Streaming.Boost:1]]
[2019.04.03-11.20.49:402][  0]LogConfig: Setting CVar [[r.MaxAnisotropy:8]]
[2019.04.03-11.20.49:402][  0]LogConfig: Setting CVar [[r.Streaming.LimitPoolSizeToVRAM:0]]
[2019.04.03-11.20.49:402][  0]LogConfig: Setting CVar [[r.Streaming.PoolSize:1000]]
[2019.04.03-11.20.49:402][  0]LogConfig: Setting CVar [[r.Streaming.MaxEffectiveScreenSize:0]]
[2019.04.03-11.20.49:402][  0]LogConfig: Applying CVar settings from Section [EffectsQuality@3] File [D:/Test4.22/MyProject2/Saved/Config/Windows/Scalability.ini]
[2019.04.03-11.20.49:402][  0]LogConfig: Setting CVar [[r.TranslucencyLightingVolumeDim:64]]
[2019.04.03-11.20.49:402][  0]LogConfig: Setting CVar [[r.RefractionQuality:2]]
[2019.04.03-11.20.49:402][  0]LogConfig: Setting CVar [[r.SSR.Quality:3]]
[2019.04.03-11.20.49:402][  0]LogConfig: Setting CVar [[r.SceneColorFormat:4]]
[2019.04.03-11.20.49:402][  0]LogConfig: Setting CVar [[r.DetailMode:2]]
[2019.04.03-11.20.49:402][  0]LogConfig: Setting CVar [[r.TranslucencyVolumeBlur:1]]
[2019.04.03-11.20.49:402][  0]LogConfig: Setting CVar [[r.MaterialQualityLevel:1 ; High quality]]
[2019.04.03-11.20.49:402][  0]LogConfig: Setting CVar [[r.SSS.Scale:1]]
[2019.04.03-11.20.49:402][  0]LogConfig: Setting CVar [[r.SSS.SampleSet:2]]
[2019.04.03-11.20.49:402][  0]LogConfig: Setting CVar [[r.SSS.Quality:1]]
[2019.04.03-11.20.49:402][  0]LogConfig: Setting CVar [[r.SSS.HalfRes:1]]
[2019.04.03-11.20.49:402][  0]LogConfig: Setting CVar [[r.EmitterSpawnRateScale:1.0]]
[2019.04.03-11.20.49:402][  0]LogConfig: Setting CVar [[r.ParticleLightQuality:2]]
[2019.04.03-11.20.49:402][  0]LogConfig: Applying CVar settings from Section [FoliageQuality@3] File [D:/Test4.22/MyProject2/Saved/Config/Windows/Scalability.ini]
[2019.04.03-11.20.49:402][  0]LogConfig: Setting CVar [[foliage.DensityScale:1.0]]
[2019.04.03-11.20.49:402][  0]LogConfig: Setting CVar [[grass.DensityScale:1.0]]
[2019.04.03-11.20.49:402][  0]LogConfig: Applying CVar settings from Section [Startup] File [../../../Engine/Config/ConsoleVariables.ini]
[2019.04.03-11.20.49:402][  0]LogConfig: Setting CVar [[net.UseAdaptiveNetUpdateFrequency:0]]
[2019.04.03-11.20.49:402][  0]LogConfig: Setting CVar [[p.chaos.AllowCreatePhysxBodies:1]]
[2019.04.03-11.20.49:402][  0]LogConfig: Applying CVar settings from Section [ConsoleVariables] File [D:/Test4.22/MyProject2/Saved/Config/Windows/Engine.ini]
[2019.04.03-11.20.49:402][  0]LogInit: Computer: i7-mk8-2017-03
[2019.04.03-11.20.49:402][  0]LogInit: User: etudiant
[2019.04.03-11.20.49:402][  0]LogInit: CPU Page size=4096, Cores=4
[2019.04.03-11.20.49:402][  0]LogInit: High frequency timer resolution =3.515627 MHz
[2019.04.03-11.20.49:402][  0]LogMemory: Memory total: Physical=31.9GB (32GB approx)
[2019.04.03-11.20.49:402][  0]LogMemory: Platform Memory Stats for Windows
[2019.04.03-11.20.49:402][  0]LogMemory: Process Physical Memory: 96.19 MB used, 96.19 MB peak
[2019.04.03-11.20.49:402][  0]LogMemory: Process Virtual Memory: 88.72 MB used, 88.72 MB peak
[2019.04.03-11.20.49:402][  0]LogMemory: Physical Memory: 7742.40 MB used,  24925.33 MB free, 32667.73 MB total
[2019.04.03-11.20.49:402][  0]LogMemory: Virtual Memory: 4652.58 MB used,  134213072.00 MB free, 134217728.00 MB total
[2019.04.03-11.20.49:414][  0]LogInit: Using OS detected language (fr-FR).
[2019.04.03-11.20.49:414][  0]LogInit: Using OS detected locale (fr-FR).
[2019.04.03-11.20.49:415][  0]LogTextLocalizationManager: No specific localization for 'fr-FR' exists, so the 'fr' localization will be used.
[2019.04.03-11.20.49:415][  0]LogTextLocalizationResource: LocRes '../../../Engine/Content/Localization/Editor/fr/Editor.locres' could not be opened for reading!
[2019.04.03-11.20.49:415][  0]LogTextLocalizationResource: LocRes '../../../Engine/Content/Localization/EditorTutorials/fr/EditorTutorials.locres' could not be opened for reading!
[2019.04.03-11.20.49:415][  0]LogTextLocalizationResource: LocRes '../../../Engine/Content/Localization/Keywords/fr/Keywords.locres' could not be opened for reading!
[2019.04.03-11.20.49:415][  0]LogTextLocalizationResource: LocRes '../../../Engine/Content/Localization/Category/fr/Category.locres' could not be opened for reading!
[2019.04.03-11.20.49:415][  0]LogTextLocalizationResource: LocRes '../../../Engine/Content/Localization/ToolTips/fr/ToolTips.locres' could not be opened for reading!
[2019.04.03-11.20.49:415][  0]LogTextLocalizationResource: LocRes '../../../Engine/Content/Localization/PropertyNames/fr/PropertyNames.locres' could not be opened for reading!
[2019.04.03-11.20.49:415][  0]LogTextLocalizationResource: LocRes '../../../Engine/Content/Localization/Engine/fr/Engine.locres' could not be opened for reading!
[2019.04.03-11.20.49:416][  0]LogInit: Setting process to per monitor DPI aware
[2019.04.03-11.20.49:437][  0]LogSlate: New Slate User Created.  User Index 0, Is Virtual User: 0
[2019.04.03-11.20.49:437][  0]LogSlate: Slate User Registered.  User Index 0, Is Virtual User: 0
[2019.04.03-11.20.49:578][  0]LogHMD: Failed to initialize OpenVR with code 110
[2019.04.03-11.20.49:578][  0]LogD3D11RHI: D3D11 adapters:
[2019.04.03-11.20.49:641][  0]LogD3D11RHI:    0. 'NVIDIA GeForce GTX 1060 6GB' (Feature Level 11_0)
[2019.04.03-11.20.49:641][  0]LogD3D11RHI:       6052/0/16333 MB DedicatedVideo/DedicatedSystem/SharedSystem, Outputs:2, VendorId:0x10de
[2019.04.03-11.20.49:651][  0]LogD3D11RHI:    1. 'Intel(R) HD Graphics 630' (Feature Level 11_0)
[2019.04.03-11.20.49:651][  0]LogD3D11RHI:       128/0/16333 MB DedicatedVideo/DedicatedSystem/SharedSystem, Outputs:0, VendorId:0x8086
[2019.04.03-11.20.49:652][  0]LogD3D11RHI:    2. 'Microsoft Basic Render Driver' (Feature Level 11_0)
[2019.04.03-11.20.49:652][  0]LogD3D11RHI:       0/0/16333 MB DedicatedVideo/DedicatedSystem/SharedSystem, Outputs:0, VendorId:0x1414
[2019.04.03-11.20.49:652][  0]LogD3D11RHI: Chosen D3D11 Adapter: 0
[2019.04.03-11.20.49:658][  0]LogD3D11RHI: Creating new Direct3DDevice
[2019.04.03-11.20.49:658][  0]LogD3D11RHI:     GPU DeviceId: 0x1c03 (for the marketing name, search the web for "GPU Device Id")
[2019.04.03-11.20.49:658][  0]LogWindows: EnumDisplayDevices:
[2019.04.03-11.20.49:658][  0]LogWindows:    0. 'NVIDIA GeForce GTX 1060 6GB' (P:1 D:1)
[2019.04.03-11.20.49:658][  0]LogWindows:    1. 'NVIDIA GeForce GTX 1060 6GB' (P:0 D:1)
[2019.04.03-11.20.49:659][  0]LogWindows:    2. 'NVIDIA GeForce GTX 1060 6GB' (P:0 D:0)
[2019.04.03-11.20.49:659][  0]LogWindows:    3. 'NVIDIA GeForce GTX 1060 6GB' (P:0 D:0)
[2019.04.03-11.20.49:659][  0]LogWindows:    4. 'Intel(R) HD Graphics 630' (P:0 D:0)
[2019.04.03-11.20.49:659][  0]LogWindows:    5. 'Intel(R) HD Graphics 630' (P:0 D:0)
[2019.04.03-11.20.49:659][  0]LogWindows:    6. 'Intel(R) HD Graphics 630' (P:0 D:0)
[2019.04.03-11.20.49:659][  0]LogWindows: DebugString: PrimaryIsNotTheChoosenAdapter PrimaryIsNotTheChoosenAdapter PrimaryIsNotTheChoosenAdapter FoundDriverCount:4 
[2019.04.03-11.20.49:659][  0]LogD3D11RHI:     Adapter Name: NVIDIA GeForce GTX 1060 6GB
[2019.04.03-11.20.49:659][  0]LogD3D11RHI:   Driver Version: 391.01 (internal:23.21.13.9101, unified:391.01)
[2019.04.03-11.20.49:659][  0]LogD3D11RHI:      Driver Date: 2-23-2018
[2019.04.03-11.20.49:659][  0]LogRHI: Texture pool is 4236 MB (70% of 6052 MB)
[2019.04.03-11.20.49:690][  0]LogD3D11RHI: Async texture creation enabled
[2019.04.03-11.20.49:693][  0]LogRendererCore: FGlobalReadBuffer::InitRHI
[2019.04.03-11.20.49:693][  0]LogRendererCore: FGlobalReadBuffer::InitRHI
[2019.04.03-11.20.49:693][  0]LogRendererCore: FGlobalReadBuffer::InitRHI
[2019.04.03-11.20.49:707][  0]LogD3D11RHI: GPU Timing Frequency: 1000.000000 (Debug: 2 2)
[2019.04.03-11.20.49:976][  0]LogTemp: Display: Module 'AllDesktopTargetPlatform' loaded TargetPlatform 'AllDesktop'
[2019.04.03-11.20.49:987][  0]LogTemp: Display: Module 'MacClientTargetPlatform' loaded TargetPlatform 'MacClient'
[2019.04.03-11.20.49:997][  0]LogTemp: Display: Module 'MacNoEditorTargetPlatform' loaded TargetPlatform 'MacNoEditor'
[2019.04.03-11.20.50:007][  0]LogTemp: Display: Module 'MacServerTargetPlatform' loaded TargetPlatform 'MacServer'
[2019.04.03-11.20.50:017][  0]LogTemp: Display: Module 'MacTargetPlatform' loaded TargetPlatform 'Mac'
[2019.04.03-11.20.50:028][  0]LogTemp: Display: Module 'WindowsClientTargetPlatform' loaded TargetPlatform 'WindowsClient'
[2019.04.03-11.20.50:038][  0]LogTemp: Display: Module 'WindowsNoEditorTargetPlatform' loaded TargetPlatform 'WindowsNoEditor'
[2019.04.03-11.20.50:048][  0]LogTemp: Display: Module 'WindowsServerTargetPlatform' loaded TargetPlatform 'WindowsServer'
[2019.04.03-11.20.50:052][  0]LogTemp: Display: Module 'WindowsTargetPlatform' loaded TargetPlatform 'Windows'
[2019.04.03-11.20.50:116][  0]LogTemp: Display: Module 'AndroidTargetPlatform' loaded TargetPlatform 'Android'
[2019.04.03-11.20.50:116][  0]LogTemp: Display: Module 'AndroidTargetPlatform' loaded TargetPlatform 'Android_ASTC'
[2019.04.03-11.20.50:116][  0]LogTemp: Display: Module 'AndroidTargetPlatform' loaded TargetPlatform 'Android_ATC'
[2019.04.03-11.20.50:116][  0]LogTemp: Display: Module 'AndroidTargetPlatform' loaded TargetPlatform 'Android_DXT'
[2019.04.03-11.20.50:116][  0]LogTemp: Display: Module 'AndroidTargetPlatform' loaded TargetPlatform 'Android_ETC1'
[2019.04.03-11.20.50:116][  0]LogTemp: Display: Module 'AndroidTargetPlatform' loaded TargetPlatform 'Android_ETC1a'
[2019.04.03-11.20.50:116][  0]LogTemp: Display: Module 'AndroidTargetPlatform' loaded TargetPlatform 'Android_ETC2'
[2019.04.03-11.20.50:116][  0]LogTemp: Display: Module 'AndroidTargetPlatform' loaded TargetPlatform 'Android_PVRTC'
[2019.04.03-11.20.50:116][  0]LogTemp: Display: Module 'AndroidTargetPlatform' loaded TargetPlatform 'AndroidClient'
[2019.04.03-11.20.50:116][  0]LogTemp: Display: Module 'AndroidTargetPlatform' loaded TargetPlatform 'Android_ASTCClient'
[2019.04.03-11.20.50:116][  0]LogTemp: Display: Module 'AndroidTargetPlatform' loaded TargetPlatform 'Android_ATCClient'
[2019.04.03-11.20.50:116][  0]LogTemp: Display: Module 'AndroidTargetPlatform' loaded TargetPlatform 'Android_DXTClient'
[2019.04.03-11.20.50:116][  0]LogTemp: Display: Module 'AndroidTargetPlatform' loaded TargetPlatform 'Android_ETC1Client'
[2019.04.03-11.20.50:116][  0]LogTemp: Display: Module 'AndroidTargetPlatform' loaded TargetPlatform 'Android_ETC1aClient'
[2019.04.03-11.20.50:116][  0]LogTemp: Display: Module 'AndroidTargetPlatform' loaded TargetPlatform 'Android_ETC2Client'
[2019.04.03-11.20.50:116][  0]LogTemp: Display: Module 'AndroidTargetPlatform' loaded TargetPlatform 'Android_PVRTCClient'
[2019.04.03-11.20.50:116][  0]LogTemp: Display: Module 'AndroidTargetPlatform' loaded TargetPlatform 'Android_Multi'
[2019.04.03-11.20.50:116][  0]LogTemp: Display: Module 'AndroidTargetPlatform' loaded TargetPlatform 'Android_MultiClient'
[2019.04.03-11.20.50:117][  0]LogTemp: Display: Module 'HTML5TargetPlatform' loaded TargetPlatform 'HTML5'
[2019.04.03-11.20.50:160][  0]LogTemp: Display: Module 'IOSTargetPlatform' loaded TargetPlatform 'IOSClient'
[2019.04.03-11.20.50:160][  0]LogTemp: Display: Module 'IOSTargetPlatform' loaded TargetPlatform 'IOS'
[2019.04.03-11.20.50:178][  0]LogTemp: Display: Module 'TVOSTargetPlatform' loaded TargetPlatform 'TVOSClient'
[2019.04.03-11.20.50:178][  0]LogTemp: Display: Module 'TVOSTargetPlatform' loaded TargetPlatform 'TVOS'
[2019.04.03-11.20.50:188][  0]LogTemp: Display: Module 'LinuxClientTargetPlatform' loaded TargetPlatform 'LinuxClient'
[2019.04.03-11.20.50:198][  0]LogTemp: Display: Module 'LinuxNoEditorTargetPlatform' loaded TargetPlatform 'LinuxNoEditor'
[2019.04.03-11.20.50:207][  0]LogTemp: Display: Module 'LinuxServerTargetPlatform' loaded TargetPlatform 'LinuxServer'
[2019.04.03-11.20.50:218][  0]LogTemp: Display: Module 'LinuxTargetPlatform' loaded TargetPlatform 'Linux'
[2019.04.03-11.20.50:252][  0]LogTemp: Display: Module 'LuminTargetPlatform' loaded TargetPlatform 'Lumin'
[2019.04.03-11.20.50:252][  0]LogTemp: Display: Module 'LuminTargetPlatform' loaded TargetPlatform 'LuminClient'
[2019.04.03-11.20.50:252][  0]LogTargetPlatformManager: Display: Building Assets For Windows
[2019.04.03-11.20.50:258][  0]LogAudioDebug: Display: Lib vorbis DLL was dynamically loaded.
[2019.04.03-11.20.50:286][  0]LogShaderCompilers: Guid format shader working directory is 14 characters bigger than the processId version (../../../../../Test4.22/MyProject2/Intermediate/Shaders/WorkingDirectory/11120/).
[2019.04.03-11.20.50:287][  0]LogShaderCompilers: Cleaned the shader compiler working directory 'C:/Users/etudiant/AppData/Local/Temp/UnrealShaderWorkingDir/9D09F4234F736A7759A72BA4DCDCFFF9/'.
[2019.04.03-11.20.50:288][  0]LogXGEController: Cannot use XGE Controller as Incredibuild is not installed on this machine.
[2019.04.03-11.20.50:288][  0]LogShaderCompilers: Cannot use XGE Shader Compiler as Incredibuild is not installed on this machine.
[2019.04.03-11.20.50:288][  0]LogShaderCompilers: Display: Using Local Shader Compiler.
[2019.04.03-11.20.50:749][  0]LogDerivedDataCache: Display: Max Cache Size: 512 MB
[2019.04.03-11.20.50:793][  0]LogDerivedDataCache: Loaded boot cache 0.04s 71MB C:/Users/etudiant/AppData/Local/UnrealEngine/4.22/DerivedDataCache/Boot.ddc.
[2019.04.03-11.20.50:793][  0]LogDerivedDataCache: Display: Loaded Boot cache: C:/Users/etudiant/AppData/Local/UnrealEngine/4.22/DerivedDataCache/Boot.ddc
[2019.04.03-11.20.50:793][  0]LogDerivedDataCache: FDerivedDataBackendGraph:  Pak pak cache file ../../../../../Test4.22/MyProject2/DerivedDataCache/DDC.ddp not found, will not use a pak cache.
[2019.04.03-11.20.50:793][  0]LogDerivedDataCache: Unable to find inner node Pak for hierarchical cache Hierarchy.
[2019.04.03-11.20.50:793][  0]LogDerivedDataCache: FDerivedDataBackendGraph:  CompressedPak pak cache file ../../../../../Test4.22/MyProject2/DerivedDataCache/Compressed.ddp not found, will not use a pak cache.
[2019.04.03-11.20.50:794][  0]LogDerivedDataCache: Unable to find inner node CompressedPak for hierarchical cache Hierarchy.
[2019.04.03-11.20.50:804][  0]LogDerivedDataCache: Display: Pak cache opened for reading ../../../Engine/DerivedDataCache/Compressed.ddp.
[2019.04.03-11.20.50:804][  0]LogDerivedDataCache: FDerivedDataBackendGraph:  EnterprisePak pak cache file ../../../Enterprise/DerivedDataCache/Compressed.ddp not found, will not use a pak cache.
[2019.04.03-11.20.50:804][  0]LogDerivedDataCache: Unable to find inner node EnterprisePak for hierarchical cache Hierarchy.
[2019.04.03-11.20.50:816][  0]LogDerivedDataCache: Using Local data cache path C:/Users/etudiant/AppData/Local/UnrealEngine/Common/DerivedDataCache: Writable
[2019.04.03-11.20.50:816][  0]LogDerivedDataCache: Shared data cache path not found in *engine.ini, will not use an Shared cache.
[2019.04.03-11.20.50:816][  0]LogDerivedDataCache: Unable to find inner node Shared for hierarchical cache Hierarchy.
[2019.04.03-11.20.50:838][  0]LogMaterial: Verifying Global Shaders for PCD3D_SM5
[2019.04.03-11.20.50:839][  0]LogSlate: Using FreeType 2.6.0
[2019.04.03-11.20.50:839][  0]LogSlate: SlateFontServices - WITH_FREETYPE: 1, WITH_HARFBUZZ: 1
[2019.04.03-11.20.50:915][  0]LogAssetRegistry: FAssetRegistry took 0.0317 seconds to start up
[2019.04.03-11.20.51:173][  0]LogInit: Selected Device Profile: [Windows]
[2019.04.03-11.20.51:278][  0]LogMeshReduction: Using QuadricMeshReduction for automatic static mesh reduction
[2019.04.03-11.20.51:278][  0]LogMeshReduction: Using SimplygonMeshReduction for automatic skeletal mesh reduction
[2019.04.03-11.20.51:278][  0]LogMeshReduction: Using ProxyLODMeshReduction for automatic mesh merging
[2019.04.03-11.20.51:278][  0]LogMeshReduction: No distributed automatic mesh merging module available
[2019.04.03-11.20.51:278][  0]LogMeshMerging: No distributed automatic mesh merging module available
[2019.04.03-11.20.51:286][  0]LogNetVersion: MyProject2 1.0.0, NetCL: 5660361, EngineNetVer: 10, GameNetVer: 0 (Checksum: 4139302413)
[2019.04.03-11.20.51:617][  0]LogPackageLocalizationCache: Processed 11 localized package path(s) for 1 prioritized culture(s) in 0.031643 seconds
[2019.04.03-11.20.51:623][  0]LogUObjectArray: 42205 objects as part of root set at end of initial load.
[2019.04.03-11.20.51:623][  0]LogUObjectAllocator: 7325032 out of 0 bytes used by permanent object pool.
[2019.04.03-11.20.51:623][  0]LogUObjectArray: CloseDisregardForGC: 0/0 objects in disregard for GC pool
[2019.04.03-11.20.52:277][  0]LogTcpMessaging: Initializing TcpMessaging bridge
[2019.04.03-11.20.52:290][  0]LogUdpMessaging: Initializing bridge on interface 0.0.0.0:0 to multicast group 230.0.0.1:6666.
[2019.04.03-11.20.52:410][  0]SourceControl: Source control is disabled
[2019.04.03-11.20.52:410][  0]SourceControl: Source control is disabled
[2019.04.03-11.20.52:411][  0]SourceControl: Source control is disabled
[2019.04.03-11.20.52:412][  0]SourceControl: Source control is disabled
[2019.04.03-11.20.52:419][  0]LogVSAccessor: Display: Unable to create Visual Studio setup instance: 80040154
[2019.04.03-11.20.52:419][  0]LogVSAccessor: Display: Unable to create Visual Studio setup instance: 80040154
[2019.04.03-11.20.52:474][  0]LogAndroidPermission: UAndroidPermissionCallbackProxy::GetInstance
[2019.04.03-11.20.52:541][  0]LogOcInput: OculusInput pre-init called
[2019.04.03-11.20.53:157][  0]LogEngine: Initializing Engine...
[2019.04.03-11.20.53:158][  0]LogHMD: Failed to initialize OpenVR with code 110
[2019.04.03-11.20.53:158][  0]LogStats: UGameplayTagsManager::InitializeManager -  0.000 s
[2019.04.03-11.20.53:360][  0]LogInit: Initializing FReadOnlyCVARCache
[2019.04.03-11.20.53:368][  0]LogAIModule: Creating AISystem for world Untitled
[2019.04.03-11.20.53:380][  0]LogInit: XAudio2 using 'DELL U2414H (NVIDIA High Definition Audio)' : 2 channels at 48 kHz using 16 bits per sample (channel mask 0x3)
[2019.04.03-11.20.53:391][  0]LogInit: FAudioDevice initialized.
[2019.04.03-11.20.53:391][  0]LogNetVersion: Set ProjectVersion to 1.0.0.0. Version Checksum will be recalculated on next use.
[2019.04.03-11.20.53:431][  0]LogDerivedDataCache: Saved boot cache 0.04s 71MB C:/Users/etudiant/AppData/Local/UnrealEngine/4.22/DerivedDataCache/Boot.ddc.
[2019.04.03-11.20.53:442][  0]LogInit: Texture streaming: Enabled
[2019.04.03-11.20.53:452][  0]LogEngineSessionManager: EngineSessionManager initialized
[2019.04.03-11.20.53:466][  0]LogInit: Transaction tracking system initialized
[2019.04.03-11.20.53:479][  0]BlueprintLog: New page: Editor Load
[2019.04.03-11.20.53:527][  0]LocalizationService: Localization service is disabled
[2019.04.03-11.20.53:634][  0]LogVSAccessor: Display: Unable to create Visual Studio setup instance: 80040154
[2019.04.03-11.20.53:634][  0]LogVSAccessor: Display: Unable to create Visual Studio setup instance: 80040154
[2019.04.03-11.20.53:775][  0]LogFileCache: Scanning file cache for directory 'D:/Test4.22/MyProject2/Content/' took 0.01s
[2019.04.03-11.20.53:775][  0]LogCook: Display: Max memory allowance for cook 16384mb min free memory 0mb
[2019.04.03-11.20.53:775][  0]LogCook: Display: Mobile HDR setting 1
[2019.04.03-11.20.53:910][  0]SourceControl: Source control is disabled
[2019.04.03-11.20.53:911][  0]Cmd: MAP LOAD FILE="../../../../../Test4.22/MyProject2/Content/ThirdPersonBP/Maps/ThirdPersonExampleMap.umap" TEMPLATE=0 SHOWPROGRESS=1 FEATURELEVEL=3
[2019.04.03-11.20.53:911][  0]LightingResults: New page: Lighting Build
[2019.04.03-11.20.53:912][  0]MapCheck: New page: Map Check
[2019.04.03-11.20.53:912][  0]LightingResults: New page: Lighting Build
[2019.04.03-11.20.53:935][  0]LogUObjectHash: Compacting FUObjectHashTables data took   1.34ms
[2019.04.03-11.20.54:176][  0]LogAIModule: Creating AISystem for world ThirdPersonExampleMap
[2019.04.03-11.20.54:182][  0]LogEditorServer: Finished looking for orphan Actors (0.000 secs)
[2019.04.03-11.20.54:205][  0]LogUObjectHash: Compacting FUObjectHashTables data took   1.63ms
[2019.04.03-11.20.54:205][  0]Cmd: MAP CHECKDEP NOCLEARLOG
[2019.04.03-11.20.54:206][  0]MapCheck: Map check complete: 0 Error(s), 0 Warning(s), took 0,111ms to complete.
[2019.04.03-11.20.54:206][  0]LogFileHelpers: Loading map 'ThirdPersonExampleMap' took 0.295
[2019.04.03-11.20.54:302][  0]LogSlate: Updating window title bar state: overlay mode, drag disabled, window buttons hidden, title bar hidden
[2019.04.03-11.20.54:309][  0]LogSlate: Updating window title bar state: overlay mode, drag disabled, window buttons hidden, title bar hidden
[2019.04.03-11.20.54:316][  0]LogSlate: Updating window title bar state: overlay mode, drag disabled, window buttons hidden, title bar hidden
[2019.04.03-11.20.54:322][  0]LogSlate: Updating window title bar state: overlay mode, drag disabled, window buttons hidden, title bar hidden
[2019.04.03-11.20.54:326][  0]LogCollectionManager: Loaded 0 collections in 0.000982 seconds
[2019.04.03-11.20.54:340][  0]LogFileCache: Scanning file cache for directory 'D:/Test4.22/MyProject2/Saved/Collections/' took 0.01s
[2019.04.03-11.20.54:340][  0]LogFileCache: Scanning file cache for directory 'D:/Test4.22/MyProject2/Content/Developers/etudiant/Collections/' took 0.00s
[2019.04.03-11.20.54:340][  0]LogFileCache: Scanning file cache for directory 'D:/Test4.22/MyProject2/Content/Collections/' took 0.00s
[2019.04.03-11.20.54:340][  0]LogCollectionManager: Rebuilt the GUID cache for 0 collections in 0.000001 seconds
[2019.04.03-11.20.54:348][  0]LogContentBrowser: Native class hierarchy populated in 0.0070 seconds. Added 2741 classes and 672 folders.
[2019.04.03-11.20.54:353][  0]LogContentBrowser: Native class hierarchy updated for 'WidgetCarousel' in 0.0002 seconds. Added 0 classes and 0 folders.
[2019.04.03-11.20.54:354][  0]LogPakFile: Registered encryption key '00000000000000000000000000000000': 0 pak files mounted, 0 remain pending
[2019.04.03-11.20.54:355][  0]LogPakFile: Registered encryption key '00000000000000000000000000000000': 0 pak files mounted, 0 remain pending
[2019.04.03-11.20.54:355][  0]LogPakFile: Registered encryption key '00000000000000000000000000000000': 0 pak files mounted, 0 remain pending
[2019.04.03-11.20.54:356][  0]LogPakFile: Registered encryption key '00000000000000000000000000000000': 0 pak files mounted, 0 remain pending
[2019.04.03-11.20.54:356][  0]LogPakFile: Registered encryption key '00000000000000000000000000000000': 0 pak files mounted, 0 remain pending
[2019.04.03-11.20.54:356][  0]LogPakFile: Registered encryption key '00000000000000000000000000000000': 0 pak files mounted, 0 remain pending
[2019.04.03-11.20.54:356][  0]LogPakFile: Registered encryption key '00000000000000000000000000000000': 0 pak files mounted, 0 remain pending
[2019.04.03-11.20.54:357][  0]LogPakFile: Registered encryption key '00000000000000000000000000000000': 0 pak files mounted, 0 remain pending
[2019.04.03-11.20.54:358][  0]LogPakFile: Registered encryption key '00000000000000000000000000000000': 0 pak files mounted, 0 remain pending
[2019.04.03-11.20.54:358][  0]LogPakFile: Registered encryption key '00000000000000000000000000000000': 0 pak files mounted, 0 remain pending
[2019.04.03-11.20.54:358][  0]LogPakFile: Registered encryption key '00000000000000000000000000000000': 0 pak files mounted, 0 remain pending
[2019.04.03-11.20.54:359][  0]LogPakFile: Registered encryption key '00000000000000000000000000000000': 0 pak files mounted, 0 remain pending
[2019.04.03-11.20.54:359][  0]LogPakFile: Registered encryption key '00000000000000000000000000000000': 0 pak files mounted, 0 remain pending
[2019.04.03-11.20.54:360][  0]LogPakFile: Registered encryption key '00000000000000000000000000000000': 0 pak files mounted, 0 remain pending
[2019.04.03-11.20.54:360][  0]LogPakFile: Registered encryption key '00000000000000000000000000000000': 0 pak files mounted, 0 remain pending
[2019.04.03-11.20.54:361][  0]LogPakFile: Registered encryption key '00000000000000000000000000000000': 0 pak files mounted, 0 remain pending
[2019.04.03-11.20.54:361][  0]LogPakFile: Registered encryption key '00000000000000000000000000000000': 0 pak files mounted, 0 remain pending
[2019.04.03-11.20.54:361][  0]LogPakFile: Registered encryption key '00000000000000000000000000000000': 0 pak files mounted, 0 remain pending
[2019.04.03-11.20.54:362][  0]LogPakFile: Registered encryption key '00000000000000000000000000000000': 0 pak files mounted, 0 remain pending
[2019.04.03-11.20.54:362][  0]LogPakFile: Registered encryption key '00000000000000000000000000000000': 0 pak files mounted, 0 remain pending
[2019.04.03-11.20.54:362][  0]LogPakFile: Registered encryption key '00000000000000000000000000000000': 0 pak files mounted, 0 remain pending
[2019.04.03-11.20.54:363][  0]LogPakFile: Registered encryption key '00000000000000000000000000000000': 0 pak files mounted, 0 remain pending
[2019.04.03-11.20.54:363][  0]LogPakFile: Registered encryption key '00000000000000000000000000000000': 0 pak files mounted, 0 remain pending
[2019.04.03-11.20.54:363][  0]LogPakFile: Registered encryption key '00000000000000000000000000000000': 0 pak files mounted, 0 remain pending
[2019.04.03-11.20.54:364][  0]LogPakFile: Registered encryption key '00000000000000000000000000000000': 0 pak files mounted, 0 remain pending
[2019.04.03-11.20.54:364][  0]LogPakFile: Registered encryption key '00000000000000000000000000000000': 0 pak files mounted, 0 remain pending
[2019.04.03-11.20.54:384][  0]LogContentBrowser: Native class hierarchy updated for 'AddContentDialog' in 0.0002 seconds. Added 0 classes and 0 folders.
[2019.04.03-11.20.54:389][  0]LogContentBrowser: Native class hierarchy updated for 'SceneOutliner' in 0.0002 seconds. Added 1 classes and 2 folders.
[2019.04.03-11.20.55:340][  0]LogSlate: Only BGRA pngs, bmps or icos are supported in by External Image Picker
[2019.04.03-11.20.55:410][  0]LogContentBrowser: Native class hierarchy updated for 'HierarchicalLODOutliner' in 0.0002 seconds. Added 0 classes and 0 folders.
[2019.04.03-11.20.55:410][  0]LogLoad: (Engine Initialization) Total time: 7.26 seconds
[2019.04.03-11.20.55:410][  0]LogLoad: (Engine Initialization) Total Blueprint compile time: 0.00 seconds
[2019.04.03-11.20.55:420][  0]LogWindowsTextInputMethodSystem: Display: IME system now deactivated.
[2019.04.03-11.20.55:488][  0]LogRenderer: Reallocating scene render targets to support 64x64 Format 10 NumSamples 1 (Frame:1).
[2019.04.03-11.20.55:488][  0]LogAssetRegistry: Asset discovery search completed in 4.5955 seconds
[2019.04.03-11.20.55:490][  0]LogCollectionManager: Rebuilt the object cache for 0 collections in 0.000000 seconds (found 0 objects)
[2019.04.03-11.20.55:491][  0]LogCollectionManager: Fixed up redirectors for 0 collections in 0.000085 seconds (updated 0 objects)
[2019.04.03-11.20.55:492][  0]LogContentStreaming: Texture pool size now 1000 MB
[2019.04.03-11.20.55:500][  0]LogSlate: Took 0.000123 seconds to synchronously load lazily loaded font '../../../Engine/Content/Slate/Fonts/Roboto-Regular.ttf' (155K)
[2019.04.03-11.20.55:502][  0]LogSlate: Took 0.000103 seconds to synchronously load lazily loaded font '../../../Engine/Content/Slate/Fonts/Roboto-Bold.ttf' (160K)
[2019.04.03-11.20.55:505][  0]LogSlate: Took 0.000094 seconds to synchronously load lazily loaded font '../../../Engine/Content/Editor/Slate/Fonts/FontAwesome.ttf' (139K)
[2019.04.03-11.20.55:588][  1]LogRenderer: Reallocating scene render targets to support 740x472 Format 10 NumSamples 1 (Frame:1).
[2019.04.03-11.20.55:618][  1]LogSlate: Took 0.000112 seconds to synchronously load lazily loaded font '../../../Engine/Content/Slate/Fonts/Roboto-Light.ttf' (167K)
[2019.04.03-11.21.03:268][359]LogSlate: FSceneViewport::OnFocusLost() reason 0
[2019.04.03-11.21.03:409][371]LogRenderer: Reallocating scene render targets to support 1112x752 Format 10 NumSamples 1 (Frame:348).
[2019.04.03-11.21.05:971][677]LogSlate: FSceneViewport::OnFocusLost() reason 0
[2019.04.03-11.21.08:326][959]LogConcert: [Pending] Launching Unreal Multi-User Server...
[2019.04.03-11.21.08:344][959]LogConcert: [Success] Launched Unreal Multi-User Server
[2019.04.03-11.21.10:181][ 59]LogConcert: Display: Admin (9FD98C7A4D03508799723CAD597D6499): Remote endpoint '54BC503E4CE81931B2F735A85316DBBC' discovered.
[2019.04.03-11.21.10:187][ 60]LogConcert: Display: Server i7-mk8-2017-03 discovered.
[2019.04.03-11.21.14:306][398]LogConcert: [Pending] Connecting to Session 'QuickStart'... - Validating Workspace...
[2019.04.03-11.21.14:309][398]LogSlate: Took 0.000141 seconds to synchronously load lazily loaded font '../../../Engine/Content/Slate/Fonts/Roboto-Light.ttf' (167K)
[2019.04.03-11.21.14:402][410]LogConcert: [Pending] Connecting to Session 'QuickStart'... - Attempting Remote Connection...
[2019.04.03-11.21.14:426][411]SourceControl: Source control is disabled
[2019.04.03-11.21.14:426][411]SourceControl: Source control is disabled
[2019.04.03-11.21.14:571][411]LogConcert: Display: Initialized Concert session 'QuickStart' (Owner: etudiant).
[2019.04.03-11.21.14:571][411]LogConcert: Display: Connecting to Concert session 'QuickStart' (Owner: etudiant).
[2019.04.03-11.21.14:584][412]LogConcert: Display: QuickStart (236AB8904BD6F8664BFA6A9698B76F7F): Remote endpoint 'C24CA03D4DA27CD51FF875B4D96872DF' discovered.
[2019.04.03-11.21.14:584][412]LogConcert: [Success] Connected to Session 'QuickStart'
[2019.04.03-11.21.14:601][413]LogConcert: Display: Connected to Concert session 'QuickStart' (Owner: etudiant).
[2019.04.03-11.21.18:161][566]LogConcert: Display: Activity Feed: Pierre joined the session.
[2019.04.03-11.21.18:164][566]LogConcert: Display: Activity Feed: Pierre joined the session.
[2019.04.03-11.21.18:165][566]LogConcert: Display: Activity Feed: Pierre left the session.
[2019.04.03-11.21.18:166][566]LogConcert: Display: Activity Feed: Pierre joined the session.
[2019.04.03-11.21.18:166][566]LogConcert: Display: Activity Feed: Pierre joined the session.
[2019.04.03-11.21.18:167][566]LogConcert: Display: Activity Feed: Pierre created the package /Game/ThirdPersonBP/Trucs. Package Revision: 0.
[2019.04.03-11.21.18:168][566]LogConcert: Display: Activity Feed: Pierre created Trucs_2 in /Game/ThirdPersonBP/Maps/ThirdPersonExampleMap. Transaction Index: 0. Transaction Title: Create Actors.
[2019.04.03-11.21.18:170][566]LogConcert: Display: Activity Feed: Pierre left the session.
[2019.04.03-11.21.18:171][566]LogConcert: Display: Activity Feed: Pierre joined the session.
[2019.04.03-11.21.18:172][566]LogConcert: Display: Activity Feed: Pierre saved the package /Game/ThirdPersonBP/Maps/ThirdPersonExampleMap. Package Revision: 0.
[2019.04.03-11.21.18:172][566]LogConcert: Display: Activity Feed: Pierre saved the package /Game/ThirdPersonBP/Trucs. Package Revision: 1.
[2019.04.03-11.21.18:173][566]LogConcert: Display: Activity Feed: Pierre saved the package /Game/ThirdPersonBP/Trucs. Package Revision: 2.
[2019.04.03-11.21.18:176][566]LogConcert: Display: Activity Feed: Pierre created the package /Game/ThirdPersonBP/Light_sphere. Package Revision: 0.
[2019.04.03-11.21.18:177][566]LogConcert: Display: Activity Feed: Pierre created the package /Game/ThirdPersonBP/A_GoldenMetal. Package Revision: 0.
[2019.04.03-11.21.18:180][566]LogConcert: Display: Activity Feed: Pierre created the package /Game/ThirdPersonBP/chothes. Package Revision: 0.
[2019.04.03-11.21.18:180][566]LogConcert: Display: Activity Feed: Pierre created the package /Game/ThirdPersonBP/A_BlueMetal. Package Revision: 0.
[2019.04.03-11.21.18:181][566]LogConcert: Display: Activity Feed: Pierre created the package /Game/ThirdPersonBP/Grey_Metal. Package Revision: 0.
[2019.04.03-11.21.18:184][566]LogConcert: Display: Activity Feed: Pierre created the package /Game/ThirdPersonBP/lambert2. Package Revision: 0.
[2019.04.03-11.21.18:185][566]LogConcert: Display: Activity Feed: Pierre created the package /Game/ThirdPersonBP/skin. Package Revision: 0.
[2019.04.03-11.21.18:186][566]LogConcert: Display: Activity Feed: Pierre created the package /Game/ThirdPersonBP/shell. Package Revision: 0.
[2019.04.03-11.21.18:187][566]LogConcert: Display: Activity Feed: Pierre created the package /Game/ThirdPersonBP/Feets. Package Revision: 0.
[2019.04.03-11.21.18:188][566]LogConcert: Display: Activity Feed: Pierre created the package /Game/ThirdPersonBP/eyes. Package Revision: 0.
[2019.04.03-11.21.18:190][566]LogConcert: Display: Activity Feed: Pierre created the package /Game/ThirdPersonBP/Mandibles. Package Revision: 0.
[2019.04.03-11.21.18:191][566]LogConcert: Display: Activity Feed: Pierre created the package /Game/ThirdPersonBP/Horns. Package Revision: 0.
[2019.04.03-11.21.18:192][566]LogConcert: Display: Activity Feed: Pierre created the package /Game/ThirdPersonBP/VR_character_Skeleton. Package Revision: 0.
[2019.04.03-11.21.18:193][566]LogConcert: Display: Activity Feed: Pierre created the package /Game/ThirdPersonBP/VR_character_PhysicsAsset. Package Revision: 0.
[2019.04.03-11.21.18:194][566]LogConcert: Display: Activity Feed: Pierre created the package /Game/ThirdPersonBP/VR_character. Package Revision: 0.
[2019.04.03-11.21.18:195][566]LogConcert: Display: Activity Feed: Pierre modified ThirdPersonExampleMap in /Game/ThirdPersonBP/Maps/ThirdPersonExampleMap. Transaction Index: 1. Transaction Title: Delete Actors.
[2019.04.03-11.21.18:196][566]LogConcert: Display: Activity Feed: Pierre saved the package /Game/Mannequin/Animations/ThirdPerson_AnimBP. Package Revision: 0.
[2019.04.03-11.21.18:198][566]LogConcert: Display: Activity Feed: Pierre saved the package /Game/Mannequin/Animations/ThirdPerson_IdleRun_2D. Package Revision: 0.
[2019.04.03-11.21.18:201][566]LogConcert: Display: Activity Feed: Pierre saved the package /Game/Mannequin/Animations/ThirdPerson_Jump. Package Revision: 0.
[2019.04.03-11.21.18:202][566]LogConcert: Display: Activity Feed: Pierre saved the package /Game/Mannequin/Animations/ThirdPersonIdle. Package Revision: 0.
[2019.04.03-11.21.18:202][566]LogConcert: Display: Activity Feed: Pierre saved the package /Game/Mannequin/Animations/ThirdPersonJump_End. Package Revision: 0.
[2019.04.03-11.21.18:205][566]LogConcert: Display: Activity Feed: Pierre saved the package /Game/Mannequin/Animations/ThirdPersonJump_Loop. Package Revision: 0.
[2019.04.03-11.21.18:206][566]LogConcert: Display: Activity Feed: Pierre saved the package /Game/Mannequin/Animations/ThirdPersonJump_Start. Package Revision: 0.
[2019.04.03-11.21.18:209][566]LogConcert: Display: Activity Feed: Pierre saved the package /Game/Mannequin/Animations/ThirdPersonRun. Package Revision: 0.
[2019.04.03-11.21.18:210][566]LogConcert: Display: Activity Feed: Pierre saved the package /Game/Mannequin/Animations/ThirdPersonWalk. Package Revision: 0.
[2019.04.03-11.21.18:210][566]LogConcert: Display: Activity Feed: Pierre created the package /Game/ThirdPerson_Jump. Package Revision: 0.
[2019.04.03-11.21.18:213][566]LogConcert: Display: Activity Feed: Pierre created the package /Game/ThirdPersonJump_Loop. Package Revision: 0.
[2019.04.03-11.21.18:215][566]LogConcert: Display: Activity Feed: Pierre created the package /Game/ThirdPersonJump_Start. Package Revision: 0.
[2019.04.03-11.21.18:216][566]LogConcert: Display: Activity Feed: Pierre created the package /Game/ThirdPerson_IdleRun_2D. Package Revision: 0.
[2019.04.03-11.21.18:217][566]LogConcert: Display: Activity Feed: Pierre created the package /Game/ThirdPersonIdle. Package Revision: 0.
[2019.04.03-11.21.18:218][566]LogConcert: Display: Activity Feed: Pierre created the package /Game/ThirdPersonWalk. Package Revision: 0.
[2019.04.03-11.21.18:219][566]LogConcert: Display: Activity Feed: Pierre created the package /Game/ThirdPersonRun. Package Revision: 0.
[2019.04.03-11.21.18:220][566]LogConcert: Display: Activity Feed: Pierre created the package /Game/ThirdPerson_AnimBP. Package Revision: 0.
[2019.04.03-11.21.18:221][566]LogConcert: Display: Activity Feed: Pierre created the package /Game/ThirdPerson_Jump1. Package Revision: 0.
[2019.04.03-11.21.18:224][566]LogConcert: Display: Activity Feed: Pierre created the package /Game/ThirdPersonJump_Loop1. Package Revision: 0.
[2019.04.03-11.21.18:226][566]LogConcert: Display: Activity Feed: Pierre created the package /Game/ThirdPersonJump_Start1. Package Revision: 0.
[2019.04.03-11.21.18:227][566]LogConcert: Display: Activity Feed: Pierre created the package /Game/ThirdPerson_IdleRun_2D1. Package Revision: 0.
[2019.04.03-11.21.18:229][566]LogConcert: Display: Activity Feed: Pierre created the package /Game/ThirdPersonIdle1. Package Revision: 0.
[2019.04.03-11.21.18:232][566]LogConcert: Display: Activity Feed: Pierre created the package /Game/ThirdPersonWalk1. Package Revision: 0.
[2019.04.03-11.21.18:233][566]LogConcert: Display: Activity Feed: Pierre created the package /Game/ThirdPersonRun1. Package Revision: 0.
[2019.04.03-11.21.18:234][566]LogConcert: Display: Activity Feed: Pierre created the package /Game/ThirdPerson_AnimBP1. Package Revision: 0.
[2019.04.03-11.21.18:236][566]LogConcert: Display: Activity Feed: Pierre modified ThirdPersonCharacter_167 in /Game/ThirdPersonBP/Maps/ThirdPersonExampleMap. Transaction Index: 2. Transaction Title: Edit Skeletal Mesh.
[2019.04.03-11.21.18:237][566]LogConcert: Display: Activity Feed: Pierre modified ThirdPersonCharacter_167 in /Game/ThirdPersonBP/Maps/ThirdPersonExampleMap. Transaction Index: 3. Transaction Title: Edit Anim Class.
[2019.04.03-11.21.18:238][566]LogConcert: Display: Activity Feed: Pierre modified ThirdPersonCharacter_167 in /Game/ThirdPersonBP/Maps/ThirdPersonExampleMap. Transaction Index: 4. Transaction Title: Set Scale.
[2019.04.03-11.21.18:239][566]LogConcert: Display: Activity Feed: Pierre modified ThirdPersonCharacter_167 in /Game/ThirdPersonBP/Maps/ThirdPersonExampleMap. Transaction Index: 5. Transaction Title: Set Scale.
[2019.04.03-11.21.18:240][566]LogConcert: Display: Activity Feed: Pierre modified ThirdPersonCharacter_167 in /Game/ThirdPersonBP/Maps/ThirdPersonExampleMap. Transaction Index: 6. Transaction Title: Set Scale.
[2019.04.03-11.21.18:242][566]LogConcert: Display: Activity Feed: Pierre modified ThirdPersonCharacter_167 in /Game/ThirdPersonBP/Maps/ThirdPersonExampleMap. Transaction Index: 7. Transaction Title: Set Scale.
[2019.04.03-11.21.18:244][566]LogConcert: Display: Activity Feed: Pierre left the session.
[2019.04.03-11.21.18:245][566]LogConcert: Display: Activity Feed: Pierre saved the package /Game/ThirdPersonBP/Maps/ThirdPersonExampleMap. Package Revision: 1.
[2019.04.03-11.21.18:246][566]LogConcert: Display: Activity Feed: Pierre saved the package /Game/ThirdPersonBP/Blueprints/ThirdPersonCharacter. Package Revision: 0.
[2019.04.03-11.21.18:246][566]LogConcert: Display: Activity Feed: Pierre saved the package /Game/Mannequin/Character/Mesh/UE4_Mannequin_Skeleton. Package Revision: 0.
[2019.04.03-11.21.18:247][566]LogConcert: Display: Activity Feed: Pierre saved the package /Game/ThirdPersonBP/VR_character. Package Revision: 1.
[2019.04.03-11.21.18:248][566]LogConcert: Display: Activity Feed: Pierre saved the package /Game/ThirdPersonBP/Light_sphere. Package Revision: 1.
[2019.04.03-11.21.18:249][566]LogConcert: Display: Activity Feed: Pierre saved the package /Game/ThirdPersonBP/A_GoldenMetal. Package Revision: 1.
[2019.04.03-11.21.18:250][566]LogConcert: Display: Activity Feed: Pierre saved the package /Game/ThirdPersonBP/chothes. Package Revision: 1.
[2019.04.03-11.21.18:251][566]LogConcert: Display: Activity Feed: Pierre saved the package /Game/ThirdPersonBP/A_BlueMetal. Package Revision: 1.
[2019.04.03-11.21.18:252][566]LogConcert: Display: Activity Feed: Pierre saved the package /Game/ThirdPersonBP/Grey_Metal. Package Revision: 1.
[2019.04.03-11.21.18:253][566]LogConcert: Display: Activity Feed: Pierre saved the package /Game/ThirdPersonBP/lambert2. Package Revision: 1.
[2019.04.03-11.21.18:256][566]LogConcert: Display: Activity Feed: Pierre saved the package /Game/ThirdPersonBP/skin. Package Revision: 1.
[2019.04.03-11.21.18:257][566]LogConcert: Display: Activity Feed: Pierre saved the package /Game/ThirdPersonBP/shell. Package Revision: 1.
[2019.04.03-11.21.18:259][566]LogConcert: Display: Activity Feed: Pierre saved the package /Game/ThirdPersonBP/Feets. Package Revision: 1.
[2019.04.03-11.21.18:260][566]LogConcert: Display: Activity Feed: Pierre saved the package /Game/ThirdPersonBP/eyes. Package Revision: 1.
[2019.04.03-11.21.18:261][566]LogConcert: Display: Activity Feed: Pierre saved the package /Game/ThirdPersonBP/Mandibles. Package Revision: 1.
[2019.04.03-11.21.18:262][566]LogConcert: Display: Activity Feed: Pierre saved the package /Game/ThirdPersonBP/Horns. Package Revision: 1.
[2019.04.03-11.21.18:263][566]LogConcert: Display: Activity Feed: Pierre saved the package /Game/ThirdPersonBP/VR_character_Skeleton. Package Revision: 1.
[2019.04.03-11.21.18:263][566]LogConcert: Display: Activity Feed: Pierre saved the package /Game/ThirdPersonBP/VR_character_PhysicsAsset. Package Revision: 1.
[2019.04.03-11.21.18:264][566]LogConcert: Display: Activity Feed: Pierre saved the package /Game/ThirdPerson_Jump. Package Revision: 1.
[2019.04.03-11.21.18:266][566]LogConcert: Display: Activity Feed: Pierre saved the package /Game/ThirdPersonJump_Loop. Package Revision: 1.
[2019.04.03-11.21.18:266][566]LogConcert: Display: Activity Feed: Pierre saved the package /Game/ThirdPersonJump_Start. Package Revision: 1.
[2019.04.03-11.21.18:269][566]LogConcert: Display: Activity Feed: Pierre saved the package /Game/ThirdPerson_IdleRun_2D. Package Revision: 1.
[2019.04.03-11.21.18:270][566]LogConcert: Display: Activity Feed: Pierre saved the package /Game/ThirdPersonIdle. Package Revision: 1.
[2019.04.03-11.21.18:271][566]LogConcert: Display: Activity Feed: Pierre saved the package /Game/ThirdPersonWalk. Package Revision: 1.
[2019.04.03-11.21.18:271][566]LogConcert: Display: Activity Feed: Pierre saved the package /Game/ThirdPersonRun. Package Revision: 1.
[2019.04.03-11.21.18:272][566]LogConcert: Display: Activity Feed: Pierre saved the package /Game/ThirdPerson_AnimBP. Package Revision: 1.
[2019.04.03-11.21.18:273][566]LogConcert: Display: Activity Feed: Pierre saved the package /Game/ThirdPerson_Jump1. Package Revision: 1.
[2019.04.03-11.21.18:274][566]LogConcert: Display: Activity Feed: Pierre saved the package /Game/ThirdPersonJump_Loop1. Package Revision: 1.
[2019.04.03-11.21.18:276][566]LogConcert: Display: Activity Feed: Pierre saved the package /Game/ThirdPersonJump_Start1. Package Revision: 1.
[2019.04.03-11.21.18:279][566]LogConcert: Display: Activity Feed: Pierre saved the package /Game/ThirdPerson_IdleRun_2D1. Package Revision: 1.
[2019.04.03-11.21.18:281][566]LogConcert: Display: Activity Feed: Pierre saved the package /Game/ThirdPersonIdle1. Package Revision: 1.
[2019.04.03-11.21.18:282][566]LogConcert: Display: Activity Feed: Pierre saved the package /Game/ThirdPersonWalk1. Package Revision: 1.
[2019.04.03-11.21.18:284][566]LogConcert: Display: Activity Feed: Pierre saved the package /Game/ThirdPersonRun1. Package Revision: 1.
[2019.04.03-11.21.18:285][566]LogConcert: Display: Activity Feed: Pierre saved the package /Game/ThirdPerson_AnimBP1. Package Revision: 1.
[2019.04.03-11.21.18:286][566]LogConcert: Display: Activity Feed: Pierre joined the session.
[2019.04.03-11.21.18:287][566]LogConcert: Display: Activity Feed: Pierre modified ThirdPersonCharacter_167 in /Game/ThirdPersonBP/Maps/ThirdPersonExampleMap. Transaction Index: 8. Transaction Title: Set Scale.
[2019.04.03-11.21.18:288][566]LogConcert: Display: Activity Feed: Pierre saved the package /Game/ThirdPersonBP/Maps/ThirdPersonExampleMap. Package Revision: 2.
[2019.04.03-11.21.18:289][566]LogConcert: Display: Activity Feed: Pierre saved the package /Game/ThirdPersonBP/Blueprints/ThirdPersonCharacter. Package Revision: 1.
[2019.04.03-11.21.18:310][566]LogConcert: Display: Activity Feed: Pierre created Cube_2 in /Game/ThirdPersonBP/Maps/ThirdPersonExampleMap. Transaction Index: 9. Transaction Title: Create Actors.
[2019.04.03-11.21.18:311][566]LogConcert: Display: Activity Feed: Pierre saved the package /Game/ThirdPersonBP/Maps/ThirdPersonExampleMap. Package Revision: 3.
[2019.04.03-11.21.18:314][566]LogConcert: Display: Activity Feed: Pierre created the package /Game/NewLevelSequence. Package Revision: 0.
[2019.04.03-11.21.18:315][566]LogConcert: Display: Activity Feed: Pierre created NewLevelSequence in /Game/ThirdPersonBP/Maps/ThirdPersonExampleMap. Transaction Index: 10. Transaction Title: Create Actor.
[2019.04.03-11.21.18:315][566]LogConcert: Display: Activity Feed: Pierre deleted CineCameraActor_0 in /Game/ThirdPersonBP/Maps/ThirdPersonExampleMap. Transaction Index: 11. Transaction Title: Create Camera Here.
[2019.04.03-11.21.18:318][566]LogConcert: Display: Activity Feed: Pierre created MovieSceneSpawnTrack_0 in /Game/NewLevelSequence. Transaction Index: 11. Transaction Title: Create Camera Here.
[2019.04.03-11.21.18:321][566]LogConcert: Display: Activity Feed: Pierre created CineCameraActor_1 in /Game/NewLevelSequence. Transaction Index: 11. Transaction Title: Create Camera Here.
[2019.04.03-11.21.18:322][566]LogConcert: Display: Activity Feed: Pierre created MovieSceneCameraCutTrack_0 in /Game/NewLevelSequence. Transaction Index: 11. Transaction Title: Create Camera Here.
[2019.04.03-11.21.18:323][566]LogConcert: Display: Activity Feed: Pierre created MovieSceneFloatTrack_0 in /Game/NewLevelSequence. Transaction Index: 11. Transaction Title: Create Camera Here.
[2019.04.03-11.21.18:326][566]LogConcert: Display: Activity Feed: Pierre created MovieScene3DTransformTrack_0 in /Game/NewLevelSequence. Transaction Index: 11. Transaction Title: Create Camera Here.
[2019.04.03-11.21.18:330][566]LogConcert: Display: Activity Feed: Pierre created MovieSceneFloatTrack_1 in /Game/NewLevelSequence. Transaction Index: 11. Transaction Title: Create Camera Here.
[2019.04.03-11.21.18:331][566]LogConcert: Display: Activity Feed: Pierre created MovieSceneFloatTrack_2 in /Game/NewLevelSequence. Transaction Index: 11. Transaction Title: Create Camera Here.
[2019.04.03-11.21.18:332][566]LogConcert: Display: Activity Feed: Pierre created MovieScene_0 in /Game/NewLevelSequence. Transaction Index: 11. Transaction Title: Create Camera Here.
[2019.04.03-11.21.18:333][566]LogConcert: Display: Activity Feed: Pierre modified MovieScene3DTransformTrack_0 in /Game/NewLevelSequence. Transaction Index: 12. Transaction Title: Pilot Actor.
[2019.04.03-11.21.18:334][566]LogConcert: Display: Activity Feed: Pierre modified MovieScene3DTransformTrack_0 in /Game/NewLevelSequence. Transaction Index: 13. Transaction Title: Animatable Property Changed.
[2019.04.03-11.21.18:335][566]LogConcert: Display: Activity Feed: Pierre modified NewLevelSequence in /Game/NewLevelSequence. Transaction Index: 14. Transaction Title: Delete Node.
[2019.04.03-11.21.18:337][566]LogConcert: Display: Activity Feed: Pierre modified NewLevelSequence in /Game/NewLevelSequence. Transaction Index: 15. Transaction Title: Delete Node.
[2019.04.03-11.21.18:338][566]LogConcert: Display: Activity Feed: Pierre modified /Game/NewLevelSequence in /Game/NewLevelSequence. Transaction Index: 15. Transaction Title: Delete Node.
[2019.04.03-11.21.18:339][566]LogConcert: Display: Activity Feed: Pierre modified NewLevelSequence in /Game/NewLevelSequence. Transaction Index: 16. Transaction Title: Possess Object in Sequencer.
[2019.04.03-11.21.18:340][566]LogConcert: Display: Activity Feed: Pierre modified /Game/NewLevelSequence in /Game/NewLevelSequence. Transaction Index: 16. Transaction Title: Possess Object in Sequencer.
[2019.04.03-11.21.18:341][566]LogConcert: Display: Activity Feed: Pierre created MovieScene3DTransformTrack_1 in /Game/NewLevelSequence. Transaction Index: 17. Transaction Title: Animatable Property Changed.
[2019.04.03-11.21.18:343][566]LogConcert: Display: Activity Feed: Pierre created MovieScene_0 in /Game/NewLevelSequence. Transaction Index: 17. Transaction Title: Animatable Property Changed.
[2019.04.03-11.21.18:375][566]LogConcert: Display: Activity Feed: Pierre modified MovieScene3DTransformTrack_1 in /Game/NewLevelSequence. Transaction Index: 18. Transaction Title: Add Keys at Current Time.
[2019.04.03-11.21.18:376][566]LogConcert: Display: Activity Feed: Pierre modified ThirdPersonCharacter_167 in /Game/ThirdPersonBP/Maps/ThirdPersonExampleMap. Transaction Index: 19. Transaction Title: Move Actors.
[2019.04.03-11.21.18:378][566]LogConcert: Display: Activity Feed: Pierre modified ThirdPersonCharacter_167 in /Game/ThirdPersonBP/Maps/ThirdPersonExampleMap. Transaction Index: 20. Transaction Title: Move Actors.
[2019.04.03-11.21.18:379][566]LogConcert: Display: Activity Feed: Pierre modified MovieScene3DTransformTrack_1 in /Game/NewLevelSequence. Transaction Index: 21. Transaction Title: Add Keys at Current Time.
[2019.04.03-11.21.18:380][566]LogConcert: Display: Activity Feed: Pierre saved the package /Game/ThirdPersonBP/Maps/ThirdPersonExampleMap. Package Revision: 4.
[2019.04.03-11.21.18:381][566]LogConcert: Display: Activity Feed: Pierre saved the package /Game/NewLevelSequence. Package Revision: 1.
[2019.04.03-11.21.18:382][566]LogConcert: Display: Activity Feed: Pierre left the session.
[2019.04.03-11.21.18:383][566]LogConcert: Display: Activity Feed: Pierre left the session.
[2019.04.03-11.21.18:384][566]LogConcert: Display: Activity Feed: Pierre joined the session.
[2019.04.03-11.21.18:385][566]LightingResults: New page: Lighting Build
[2019.04.03-11.21.18:386][566]MapCheck: New page: Map Check
[2019.04.03-11.21.18:386][566]LightingResults: New page: Lighting Build
[2019.04.03-11.21.18:407][566]LogUObjectHash: Compacting FUObjectHashTables data took   1.51ms
[2019.04.03-11.21.18:409][566]LogAIModule: Creating AISystem for world Untitled
[2019.04.03-11.21.18:452][566]LoadErrors: New page: New Map
[2019.04.03-11.21.18:454][566]LogUObjectGlobals: Reloading 24 Package(s):
	Asset Name: /Game/ThirdPersonBP/A_BlueMetal
	Asset Name: /Game/ThirdPersonBP/A_GoldenMetal
	Asset Name: /Game/ThirdPersonBP/VR_character_Skeleton
	Asset Name: /Game/ThirdPerson_Jump1
	Asset Name: /Game/ThirdPersonJump_Loop1
	Asset Name: /Game/ThirdPersonJump_Start1
	Asset Name: /Game/ThirdPersonIdle1
	Asset Name: /Game/ThirdPersonRun1
	Asset Name: /Game/ThirdPersonWalk1
	Asset Name: /Game/ThirdPerson_IdleRun_2D1
[2019.04.03-11.21.18:475][566]LogUObjectHash: Compacting FUObjectHashTables data took   0.83ms
[2019.04.03-11.21.18:617][566]LogUObjectGlobals: Display: ReloadPackage failed to find a replacement object for 'Default__ThirdPersonCharacter_C:CollisionCylinder.BodySetup_0' (transient) in the new package '/Game/ThirdPersonBP/Blueprints/ThirdPersonCharacter'. Any existing references to this object will be nulled out.
[2019.04.03-11.21.18:695][566]LogSkeletalMesh: Building Skeletal Mesh VR_character...
[2019.04.03-11.21.27:648][566]LogSkeletalMesh: Built Skeletal Mesh [8.95s] /Game/ThirdPersonBP/VR_character_DEADPACKAGE_24.VR_character
[2019.04.03-11.21.27:663][566]LogSkeletalMesh: Building Skeletal Mesh VR_character...
[2019.04.03-11.21.36:726][566]LogSkeletalMesh: Built Skeletal Mesh [9.06s] /Game/ThirdPersonBP/VR_character_DEADPACKAGE_24.VR_character
[2019.04.03-11.21.36:755][566]LogSkeletalMesh: Building Skeletal Mesh VR_character...
[2019.04.03-11.21.46:096][566]LogSkeletalMesh: Built Skeletal Mesh [9.34s] /Game/ThirdPersonBP/VR_character_DEADPACKAGE_24.VR_character
[2019.04.03-11.21.46:113][566]LogSkeletalMesh: Building Skeletal Mesh VR_character...
[2019.04.03-11.21.54:681][566]LogSkeletalMesh: Built Skeletal Mesh [8.57s] /Game/ThirdPersonBP/VR_character_DEADPACKAGE_24.VR_character
[2019.04.03-11.21.54:692][566]LogSkeletalMesh: Building Skeletal Mesh VR_character...
[2019.04.03-11.22.03:820][566]LogSkeletalMesh: Built Skeletal Mesh [9.13s] /Game/ThirdPersonBP/VR_character_DEADPACKAGE_24.VR_character
[2019.04.03-11.22.03:831][566]LogSkeletalMesh: Building Skeletal Mesh VR_character...
[2019.04.03-11.22.12:940][566]LogSkeletalMesh: Built Skeletal Mesh [9.11s] /Game/ThirdPersonBP/VR_character_DEADPACKAGE_24.VR_character
[2019.04.03-11.22.12:956][566]LogSkeletalMesh: Building Skeletal Mesh VR_character...
[2019.04.03-11.22.21:989][566]LogSkeletalMesh: Built Skeletal Mesh [9.03s] /Game/ThirdPersonBP/VR_character_DEADPACKAGE_24.VR_character
[2019.04.03-11.22.22:002][566]LogSkeletalMesh: Building Skeletal Mesh VR_character...
[2019.04.03-11.22.31:301][566]LogSkeletalMesh: Built Skeletal Mesh [9.30s] /Game/ThirdPersonBP/VR_character_DEADPACKAGE_24.VR_character
[2019.04.03-11.22.31:316][566]LogSkeletalMesh: Building Skeletal Mesh VR_character...
[2019.04.03-11.22.40:777][566]LogSkeletalMesh: Built Skeletal Mesh [9.46s] /Game/ThirdPersonBP/VR_character_DEADPACKAGE_24.VR_character
[2019.04.03-11.22.40:792][566]LogSkeletalMesh: Building Skeletal Mesh VR_character...
[2019.04.03-11.22.50:138][566]LogSkeletalMesh: Built Skeletal Mesh [9.35s] /Game/ThirdPersonBP/VR_character_DEADPACKAGE_24.VR_character
[2019.04.03-11.22.50:150][566]LogSkeletalMesh: Building Skeletal Mesh VR_character...
[2019.04.03-11.22.58:828][566]LogSkeletalMesh: Built Skeletal Mesh [8.68s] /Game/ThirdPersonBP/VR_character_DEADPACKAGE_24.VR_character
[2019.04.03-11.22.58:841][566]LogWindowsDesktop: Alt-F4 pressed!
[2019.04.03-11.22.58:842][566]LogWindowsDesktop: Alt-F4 pressed!
[2019.04.03-11.22.58:842][566]LogWindowsDesktop: Alt-F4 pressed!
[2019.04.03-11.22.58:844][566]LogSkeletalMesh: Building Skeletal Mesh VR_character...
